<testsuites id="" name="" tests="1" failures="0" skipped="0" errors="0" time="23.880654000000003">
<testsuite name="AutoSuggestDropDown.spec.js" timestamp="2023-10-30T13:55:02.135Z" hostname="chromium" tests="1" failures="0" skipped="0" time="20.893" errors="0">
<testcase name="Auto suggest dropdown" classname="AutoSuggestDropDown.spec.js" time="20.893">
<system-out>
<![CDATA[[36m<ref *1>[39m ElementHandle {
  _events: [Object: null prototype] {},
  _eventsCount: [33m0[39m,
  _maxListeners: [33m0[39m,
  _connection: [36m<ref *2>[39m Connection {
    _events: [Object: null prototype] { close: [36m[Function (anonymous)][39m },
    _eventsCount: [33m1[39m,
    _maxListeners: [90mundefined[39m,
    _objects: Map(39) {
      [32m''[39m => [36m[Root][39m,
      [32m'android@9da06c6758e40d5f5426a51498e9c42d'[39m => [36m[Android][39m,
      [32m'browser-type@ca7ab85ec9f0a062eadf94ef01b74395'[39m => [36m[BrowserType][39m,
      [32m'browser-type@73bf06cc31952d8ac16e384cda00ea76'[39m => [36m[BrowserType][39m,
      [32m'browser-type@70b9d0932ac61e70a95cd45d1120ab10'[39m => [36m[BrowserType][39m,
      [32m'electron@c199880e7a5e7435614a50a311b8cf3c'[39m => [36m[Electron][39m,
      [32m'localUtils'[39m => [36m[LocalUtils][39m,
      [32m'selectors@6d2b93526aee5de146c06b114873be00'[39m => [36m[SelectorsOwner][39m,
      [32m'Playwright'[39m => [36m[Playwright][39m,
      [32m'browser@6f1be8e834759f6bf968c6adfc9b754e'[39m => [36m[Browser][39m,
      [32m'tracing@2bb07213954d39a493a4a955ebd80475'[39m => [36m[Tracing][39m,
      [32m'request-context@9b4247a0a523763f8c1ff53692b97e20'[39m => [36m[APIRequestContext][39m,
      [32m'browser-context@f17601fc008a05b2afc1e72a8ddffb07'[39m => [36m[BrowserContext][39m,
      [32m'frame@1ac336148b7174cd475f969140c9a821'[39m => [36m[Frame][39m,
      [32m'page@66d9604a2be6fe2df008f45015222647'[39m => [36m[Page][39m,
      [32m'request@f8ef1670860d79d450cfb48db78d8438'[39m => [36m[Request][39m,
      [32m'response@381f3d7db00c14cfb4e8c4d74fce932f'[39m => [36m[Response][39m,
      [32m'ws@97d2187e05bba5676a4e5390285afe31'[39m => [36m[WebSocket][39m,
      [32m'frame@15b30c83e121b546be7895054a0af3b5'[39m => [36m[Frame][39m,
      [32m'request@a8b50e267a36ae17484a059774199111'[39m => [36m[Request][39m,
      [32m'response@baf80e5f6237c61623050e0088e108d4'[39m => [36m[Response][39m,
      [32m'handle@3fe6adcc3c92a88ddaf587645d37cb8a'[39m => [36m[ElementHandle][39m,
      [32m'handle@7444a140c5da6866c5a313a086d4be03'[39m => [36m[ElementHandle][39m,
      [32m'handle@6839be9b7780929e721f27879acdc149'[39m => [36m[Circular *1][39m,
      [32m'handle@b4711c685669dd01115935ec66c85797'[39m => [36m[ElementHandle][39m,
      [32m'handle@58fef49f095a2a53cb7d61b5b0745f89'[39m => [36m[ElementHandle][39m,
      [32m'handle@306ae0452ea7a5a2b20d56b27ea74036'[39m => [36m[ElementHandle][39m,
      [32m'handle@61a89d4880cedc2f0a8cf6b2e954805a'[39m => [36m[ElementHandle][39m,
      [32m'handle@8cb2d3619e90d33f2cd49452aaa0211c'[39m => [36m[ElementHandle][39m,
      [32m'handle@8b1a78a956bb3bbf9c823d99436bf840'[39m => [36m[ElementHandle][39m,
      [32m'handle@1d50cc1709d2a97f39fba568431cc141'[39m => [36m[ElementHandle][39m,
      [32m'handle@1e625fda3183e544354db758eaa224cf'[39m => [36m[ElementHandle][39m,
      [32m'handle@44e69438539bdb5709d215d15569a059'[39m => [36m[ElementHandle][39m,
      [32m'handle@017d12abf5042d7b4003c4c9152fdd7f'[39m => [36m[ElementHandle][39m,
      [32m'handle@2edb1f3bd01efb827772b54fc70f0200'[39m => [36m[ElementHandle][39m,
      [32m'handle@20d0878653bc5476a2ad1db69131c661'[39m => [36m[ElementHandle][39m,
      [32m'handle@52142417fbbd0b2c90fb851c6de83ecd'[39m => [36m[ElementHandle][39m,
      [32m'handle@4c1e187c33699d8035f62950546ce22e'[39m => [36m[ElementHandle][39m,
      [32m'handle@83b6684287b118706db1b56e871fa82f'[39m => [36m[ElementHandle][39m
    },
    onmessage: [36m[Function (anonymous)][39m,
    _lastId: [33m12[39m,
    _callbacks: Map(1) { [33m12[39m => [36m[Object][39m },
    _rootObject: Root {
      _events: [Object: null prototype] {},
      _eventsCount: [33m0[39m,
      _maxListeners: [33m0[39m,
      _connection: [36m[Circular *2][39m,
      _parent: [90mundefined[39m,
      _objects: [36m[Map][39m,
      _type: [32m'Root'[39m,
      _guid: [32m''[39m,
      _channel: [36m[EventEmitter][39m,
      _initializer: {},
      _logger: [90mundefined[39m,
      _instrumentation: [90mundefined[39m,
      _eventToSubscriptionMapping: Map(0) {},
      _wasCollected: [33mfalse[39m,
      [[32mSymbol(kCapture)[39m]: [33mfalse[39m
    },
    _closedErrorMessage: [90mundefined[39m,
    _isRemote: [33mfalse[39m,
    _localUtils: LocalUtils {
      _events: [Object: null prototype] {},
      _eventsCount: [33m0[39m,
      _maxListeners: [33m0[39m,
      _connection: [36m[Circular *2][39m,
      _parent: [36m[Root][39m,
      _objects: Map(0) {},
      _type: [32m'LocalUtils'[39m,
      _guid: [32m'localUtils'[39m,
      _channel: [36m[EventEmitter][39m,
      _initializer: [36m[Object][39m,
      _logger: [90mundefined[39m,
      _instrumentation: {},
      _eventToSubscriptionMapping: Map(0) {},
      _wasCollected: [33mfalse[39m,
      devices: [36m[Object][39m,
      [[32mSymbol(kCapture)[39m]: [33mfalse[39m
    },
    toImpl: [36m[Function (anonymous)][39m,
    _tracingCount: [33m0[39m,
    _instrumentation: {},
    [[32mSymbol(kCapture)[39m]: [33mfalse[39m
  },
  _parent: [36m<ref *3>[39m Frame {
    _events: [Object: null prototype] {},
    _eventsCount: [33m0[39m,
    _maxListeners: [33m0[39m,
    _connection: [36m<ref *2>[39m Connection {
      _events: [36m[Object: null prototype][39m,
      _eventsCount: [33m1[39m,
      _maxListeners: [90mundefined[39m,
      _objects: [36m[Map][39m,
      onmessage: [36m[Function (anonymous)][39m,
      _lastId: [33m12[39m,
      _callbacks: [36m[Map][39m,
      _rootObject: [36m[Root][39m,
      _closedErrorMessage: [90mundefined[39m,
      _isRemote: [33mfalse[39m,
      _localUtils: [36m[LocalUtils][39m,
      toImpl: [36m[Function (anonymous)][39m,
      _tracingCount: [33m0[39m,
      _instrumentation: {},
      [[32mSymbol(kCapture)[39m]: [33mfalse[39m
    },
    _parent: Page {
      _events: [36m[Object: null prototype][39m,
      _eventsCount: [33m2[39m,
      _maxListeners: [33m0[39m,
      _connection: [36m[Connection][39m,
      _parent: [36m[BrowserContext][39m,
      _objects: [36m[Map][39m,
      _type: [32m'Page'[39m,
      _guid: [32m'page@66d9604a2be6fe2df008f45015222647'[39m,
      _channel: [36m[EventEmitter][39m,
      _initializer: [36m[Object][39m,
      _logger: [90mundefined[39m,
      _instrumentation: {},
      _eventToSubscriptionMapping: [36m[Map][39m,
      _wasCollected: [33mfalse[39m,
      _browserContext: [36m[BrowserContext][39m,
      _ownedContext: [90mundefined[39m,
      _mainFrame: [36m[Circular *3][39m,
      _frames: [36m[Set][39m,
      _workers: Set(0) {},
      _closed: [33mfalse[39m,
      _closedOrCrashedScope: [36m[LongStandingScope][39m,
      _viewportSize: [36m[Object][39m,
      _routes: [],
      accessibility: [36m[Accessibility][39m,
      coverage: [36m[Coverage][39m,
      keyboard: [36m[Keyboard][39m,
      mouse: [36m[Mouse][39m,
      request: [36m[APIRequestContext][39m,
      touchscreen: [36m[Touchscreen][39m,
      _bindings: Map(0) {},
      _timeoutSettings: [36m[TimeoutSettings][39m,
      _video: [1mnull[22m,
      _opener: [1mnull[22m,
      [[32mSymbol(kCapture)[39m]: [33mfalse[39m
    },
    _objects: Map(18) {
      [32m'handle@3fe6adcc3c92a88ddaf587645d37cb8a'[39m => [36m[ElementHandle][39m,
      [32m'handle@7444a140c5da6866c5a313a086d4be03'[39m => [36m[ElementHandle][39m,
      [32m'handle@6839be9b7780929e721f27879acdc149'[39m => [36m[Circular *1][39m,
      [32m'handle@b4711c685669dd01115935ec66c85797'[39m => [36m[ElementHandle][39m,
      [32m'handle@58fef49f095a2a53cb7d61b5b0745f89'[39m => [36m[ElementHandle][39m,
      [32m'handle@306ae0452ea7a5a2b20d56b27ea74036'[39m => [36m[ElementHandle][39m,
      [32m'handle@61a89d4880cedc2f0a8cf6b2e954805a'[39m => [36m[ElementHandle][39m,
      [32m'handle@8cb2d3619e90d33f2cd49452aaa0211c'[39m => [36m[ElementHandle][39m,
      [32m'handle@8b1a78a956bb3bbf9c823d99436bf840'[39m => [36m[ElementHandle][39m,
      [32m'handle@1d50cc1709d2a97f39fba568431cc141'[39m => [36m[ElementHandle][39m,
      [32m'handle@1e625fda3183e544354db758eaa224cf'[39m => [36m[ElementHandle][39m,
      [32m'handle@44e69438539bdb5709d215d15569a059'[39m => [36m[ElementHandle][39m,
      [32m'handle@017d12abf5042d7b4003c4c9152fdd7f'[39m => [36m[ElementHandle][39m,
      [32m'handle@2edb1f3bd01efb827772b54fc70f0200'[39m => [36m[ElementHandle][39m,
      [32m'handle@20d0878653bc5476a2ad1db69131c661'[39m => [36m[ElementHandle][39m,
      [32m'handle@52142417fbbd0b2c90fb851c6de83ecd'[39m => [36m[ElementHandle][39m,
      [32m'handle@4c1e187c33699d8035f62950546ce22e'[39m => [36m[ElementHandle][39m,
      [32m'handle@83b6684287b118706db1b56e871fa82f'[39m => [36m[ElementHandle][39m
    },
    _type: [32m'Frame'[39m,
    _guid: [32m'frame@1ac336148b7174cd475f969140c9a821'[39m,
    _channel: EventEmitter {
      _events: [36m[Object: null prototype][39m,
      _eventsCount: [33m2[39m,
      _maxListeners: [90mundefined[39m,
      _object: [36m[Circular *3][39m,
      [[32mSymbol(kCapture)[39m]: [33mfalse[39m
    },
    _initializer: { url: [32m'about:blank'[39m, name: [32m''[39m, loadStates: [36m[Array][39m },
    _logger: [90mundefined[39m,
    _instrumentation: {},
    _eventToSubscriptionMapping: Map(0) {},
    _wasCollected: [33mfalse[39m,
    _eventEmitter: EventEmitter {
      _events: [Object: null prototype] {},
      _eventsCount: [33m0[39m,
      _maxListeners: [33m0[39m,
      [[32mSymbol(kCapture)[39m]: [33mfalse[39m
    },
    _loadStates: Set(3) { [32m'commit'[39m, [32m'domcontentloaded'[39m, [32m'load'[39m },
    _parentFrame: [1mnull[22m,
    _url: [32m'https://staging.metutors.com/'[39m,
    _name: [32m''[39m,
    _detached: [33mfalse[39m,
    _childFrames: Set(1) { [36m[Frame][39m },
    _page: Page {
      _events: [36m[Object: null prototype][39m,
      _eventsCount: [33m2[39m,
      _maxListeners: [33m0[39m,
      _connection: [36m[Connection][39m,
      _parent: [36m[BrowserContext][39m,
      _objects: [36m[Map][39m,
      _type: [32m'Page'[39m,
      _guid: [32m'page@66d9604a2be6fe2df008f45015222647'[39m,
      _channel: [36m[EventEmitter][39m,
      _initializer: [36m[Object][39m,
      _logger: [90mundefined[39m,
      _instrumentation: {},
      _eventToSubscriptionMapping: [36m[Map][39m,
      _wasCollected: [33mfalse[39m,
      _browserContext: [36m[BrowserContext][39m,
      _ownedContext: [90mundefined[39m,
      _mainFrame: [36m[Circular *3][39m,
      _frames: [36m[Set][39m,
      _workers: Set(0) {},
      _closed: [33mfalse[39m,
      _closedOrCrashedScope: [36m[LongStandingScope][39m,
      _viewportSize: [36m[Object][39m,
      _routes: [],
      accessibility: [36m[Accessibility][39m,
      coverage: [36m[Coverage][39m,
      keyboard: [36m[Keyboard][39m,
      mouse: [36m[Mouse][39m,
      request: [36m[APIRequestContext][39m,
      touchscreen: [36m[Touchscreen][39m,
      _bindings: Map(0) {},
      _timeoutSettings: [36m[TimeoutSettings][39m,
      _video: [1mnull[22m,
      _opener: [1mnull[22m,
      [[32mSymbol(kCapture)[39m]: [33mfalse[39m
    },
    [[32mSymbol(kCapture)[39m]: [33mfalse[39m
  },
  _objects: Map(0) {},
  _type: [32m'ElementHandle'[39m,
  _guid: [32m'handle@6839be9b7780929e721f27879acdc149'[39m,
  _channel: EventEmitter {
    _events: [Object: null prototype] { previewUpdated: [36m[Function (anonymous)][39m },
    _eventsCount: [33m1[39m,
    _maxListeners: [90mundefined[39m,
    _object: [36m[Circular *1][39m,
    [[32mSymbol(kCapture)[39m]: [33mfalse[39m
  },
  _initializer: { preview: [32m'JSHandle@node'[39m },
  _logger: [90mundefined[39m,
  _instrumentation: {},
  _eventToSubscriptionMapping: Map(0) {},
  _wasCollected: [33mfalse[39m,
  _preview: [32m'JSHandle@node'[39m,
  _elementChannel: EventEmitter {
    _events: [Object: null prototype] { previewUpdated: [36m[Function (anonymous)][39m },
    _eventsCount: [33m1[39m,
    _maxListeners: [90mundefined[39m,
    _object: [36m[Circular *1][39m,
    [[32mSymbol(kCapture)[39m]: [33mfalse[39m
  },
  [[32mSymbol(kCapture)[39m]: [33mfalse[39m
}
[90mundefined[39m
[36m<ref *1>[39m ElementHandle {
  _events: [Object: null prototype] {},
  _eventsCount: [33m0[39m,
  _maxListeners: [33m0[39m,
  _connection: [36m<ref *2>[39m Connection {
    _events: [Object: null prototype] { close: [36m[Function (anonymous)][39m },
    _eventsCount: [33m1[39m,
    _maxListeners: [90mundefined[39m,
    _objects: Map(39) {
      [32m''[39m => [36m[Root][39m,
      [32m'android@9da06c6758e40d5f5426a51498e9c42d'[39m => [36m[Android][39m,
      [32m'browser-type@ca7ab85ec9f0a062eadf94ef01b74395'[39m => [36m[BrowserType][39m,
      [32m'browser-type@73bf06cc31952d8ac16e384cda00ea76'[39m => [36m[BrowserType][39m,
      [32m'browser-type@70b9d0932ac61e70a95cd45d1120ab10'[39m => [36m[BrowserType][39m,
      [32m'electron@c199880e7a5e7435614a50a311b8cf3c'[39m => [36m[Electron][39m,
      [32m'localUtils'[39m => [36m[LocalUtils][39m,
      [32m'selectors@6d2b93526aee5de146c06b114873be00'[39m => [36m[SelectorsOwner][39m,
      [32m'Playwright'[39m => [36m[Playwright][39m,
      [32m'browser@6f1be8e834759f6bf968c6adfc9b754e'[39m => [36m[Browser][39m,
      [32m'tracing@2bb07213954d39a493a4a955ebd80475'[39m => [36m[Tracing][39m,
      [32m'request-context@9b4247a0a523763f8c1ff53692b97e20'[39m => [36m[APIRequestContext][39m,
      [32m'browser-context@f17601fc008a05b2afc1e72a8ddffb07'[39m => [36m[BrowserContext][39m,
      [32m'frame@1ac336148b7174cd475f969140c9a821'[39m => [36m[Frame][39m,
      [32m'page@66d9604a2be6fe2df008f45015222647'[39m => [36m[Page][39m,
      [32m'request@f8ef1670860d79d450cfb48db78d8438'[39m => [36m[Request][39m,
      [32m'response@381f3d7db00c14cfb4e8c4d74fce932f'[39m => [36m[Response][39m,
      [32m'ws@97d2187e05bba5676a4e5390285afe31'[39m => [36m[WebSocket][39m,
      [32m'frame@15b30c83e121b546be7895054a0af3b5'[39m => [36m[Frame][39m,
      [32m'request@a8b50e267a36ae17484a059774199111'[39m => [36m[Request][39m,
      [32m'response@baf80e5f6237c61623050e0088e108d4'[39m => [36m[Response][39m,
      [32m'handle@3fe6adcc3c92a88ddaf587645d37cb8a'[39m => [36m[ElementHandle][39m,
      [32m'handle@7444a140c5da6866c5a313a086d4be03'[39m => [36m[ElementHandle][39m,
      [32m'handle@6839be9b7780929e721f27879acdc149'[39m => [36m[ElementHandle][39m,
      [32m'handle@b4711c685669dd01115935ec66c85797'[39m => [36m[Circular *1][39m,
      [32m'handle@58fef49f095a2a53cb7d61b5b0745f89'[39m => [36m[ElementHandle][39m,
      [32m'handle@306ae0452ea7a5a2b20d56b27ea74036'[39m => [36m[ElementHandle][39m,
      [32m'handle@61a89d4880cedc2f0a8cf6b2e954805a'[39m => [36m[ElementHandle][39m,
      [32m'handle@8cb2d3619e90d33f2cd49452aaa0211c'[39m => [36m[ElementHandle][39m,
      [32m'handle@8b1a78a956bb3bbf9c823d99436bf840'[39m => [36m[ElementHandle][39m,
      [32m'handle@1d50cc1709d2a97f39fba568431cc141'[39m => [36m[ElementHandle][39m,
      [32m'handle@1e625fda3183e544354db758eaa224cf'[39m => [36m[ElementHandle][39m,
      [32m'handle@44e69438539bdb5709d215d15569a059'[39m => [36m[ElementHandle][39m,
      [32m'handle@017d12abf5042d7b4003c4c9152fdd7f'[39m => [36m[ElementHandle][39m,
      [32m'handle@2edb1f3bd01efb827772b54fc70f0200'[39m => [36m[ElementHandle][39m,
      [32m'handle@20d0878653bc5476a2ad1db69131c661'[39m => [36m[ElementHandle][39m,
      [32m'handle@52142417fbbd0b2c90fb851c6de83ecd'[39m => [36m[ElementHandle][39m,
      [32m'handle@4c1e187c33699d8035f62950546ce22e'[39m => [36m[ElementHandle][39m,
      [32m'handle@83b6684287b118706db1b56e871fa82f'[39m => [36m[ElementHandle][39m
    },
    onmessage: [36m[Function (anonymous)][39m,
    _lastId: [33m12[39m,
    _callbacks: Map(1) { [33m12[39m => [36m[Object][39m },
    _rootObject: Root {
      _events: [Object: null prototype] {},
      _eventsCount: [33m0[39m,
      _maxListeners: [33m0[39m,
      _connection: [36m[Circular *2][39m,
      _parent: [90mundefined[39m,
      _objects: [36m[Map][39m,
      _type: [32m'Root'[39m,
      _guid: [32m''[39m,
      _channel: [36m[EventEmitter][39m,
      _initializer: {},
      _logger: [90mundefined[39m,
      _instrumentation: [90mundefined[39m,
      _eventToSubscriptionMapping: Map(0) {},
      _wasCollected: [33mfalse[39m,
      [[32mSymbol(kCapture)[39m]: [33mfalse[39m
    },
    _closedErrorMessage: [90mundefined[39m,
    _isRemote: [33mfalse[39m,
    _localUtils: LocalUtils {
      _events: [Object: null prototype] {},
      _eventsCount: [33m0[39m,
      _maxListeners: [33m0[39m,
      _connection: [36m[Circular *2][39m,
      _parent: [36m[Root][39m,
      _objects: Map(0) {},
      _type: [32m'LocalUtils'[39m,
      _guid: [32m'localUtils'[39m,
      _channel: [36m[EventEmitter][39m,
      _initializer: [36m[Object][39m,
      _logger: [90mundefined[39m,
      _instrumentation: {},
      _eventToSubscriptionMapping: Map(0) {},
      _wasCollected: [33mfalse[39m,
      devices: [36m[Object][39m,
      [[32mSymbol(kCapture)[39m]: [33mfalse[39m
    },
    toImpl: [36m[Function (anonymous)][39m,
    _tracingCount: [33m0[39m,
    _instrumentation: {},
    [[32mSymbol(kCapture)[39m]: [33mfalse[39m
  },
  _parent: [36m<ref *3>[39m Frame {
    _events: [Object: null prototype] {},
    _eventsCount: [33m0[39m,
    _maxListeners: [33m0[39m,
    _connection: [36m<ref *2>[39m Connection {
      _events: [36m[Object: null prototype][39m,
      _eventsCount: [33m1[39m,
      _maxListeners: [90mundefined[39m,
      _objects: [36m[Map][39m,
      onmessage: [36m[Function (anonymous)][39m,
      _lastId: [33m12[39m,
      _callbacks: [36m[Map][39m,
      _rootObject: [36m[Root][39m,
      _closedErrorMessage: [90mundefined[39m,
      _isRemote: [33mfalse[39m,
      _localUtils: [36m[LocalUtils][39m,
      toImpl: [36m[Function (anonymous)][39m,
      _tracingCount: [33m0[39m,
      _instrumentation: {},
      [[32mSymbol(kCapture)[39m]: [33mfalse[39m
    },
    _parent: Page {
      _events: [36m[Object: null prototype][39m,
      _eventsCount: [33m2[39m,
      _maxListeners: [33m0[39m,
      _connection: [36m[Connection][39m,
      _parent: [36m[BrowserContext][39m,
      _objects: [36m[Map][39m,
      _type: [32m'Page'[39m,
      _guid: [32m'page@66d9604a2be6fe2df008f45015222647'[39m,
      _channel: [36m[EventEmitter][39m,
      _initializer: [36m[Object][39m,
      _logger: [90mundefined[39m,
      _instrumentation: {},
      _eventToSubscriptionMapping: [36m[Map][39m,
      _wasCollected: [33mfalse[39m,
      _browserContext: [36m[BrowserContext][39m,
      _ownedContext: [90mundefined[39m,
      _mainFrame: [36m[Circular *3][39m,
      _frames: [36m[Set][39m,
      _workers: Set(0) {},
      _closed: [33mfalse[39m,
      _closedOrCrashedScope: [36m[LongStandingScope][39m,
      _viewportSize: [36m[Object][39m,
      _routes: [],
      accessibility: [36m[Accessibility][39m,
      coverage: [36m[Coverage][39m,
      keyboard: [36m[Keyboard][39m,
      mouse: [36m[Mouse][39m,
      request: [36m[APIRequestContext][39m,
      touchscreen: [36m[Touchscreen][39m,
      _bindings: Map(0) {},
      _timeoutSettings: [36m[TimeoutSettings][39m,
      _video: [1mnull[22m,
      _opener: [1mnull[22m,
      [[32mSymbol(kCapture)[39m]: [33mfalse[39m
    },
    _objects: Map(18) {
      [32m'handle@3fe6adcc3c92a88ddaf587645d37cb8a'[39m => [36m[ElementHandle][39m,
      [32m'handle@7444a140c5da6866c5a313a086d4be03'[39m => [36m[ElementHandle][39m,
      [32m'handle@6839be9b7780929e721f27879acdc149'[39m => [36m[ElementHandle][39m,
      [32m'handle@b4711c685669dd01115935ec66c85797'[39m => [36m[Circular *1][39m,
      [32m'handle@58fef49f095a2a53cb7d61b5b0745f89'[39m => [36m[ElementHandle][39m,
      [32m'handle@306ae0452ea7a5a2b20d56b27ea74036'[39m => [36m[ElementHandle][39m,
      [32m'handle@61a89d4880cedc2f0a8cf6b2e954805a'[39m => [36m[ElementHandle][39m,
      [32m'handle@8cb2d3619e90d33f2cd49452aaa0211c'[39m => [36m[ElementHandle][39m,
      [32m'handle@8b1a78a956bb3bbf9c823d99436bf840'[39m => [36m[ElementHandle][39m,
      [32m'handle@1d50cc1709d2a97f39fba568431cc141'[39m => [36m[ElementHandle][39m,
      [32m'handle@1e625fda3183e544354db758eaa224cf'[39m => [36m[ElementHandle][39m,
      [32m'handle@44e69438539bdb5709d215d15569a059'[39m => [36m[ElementHandle][39m,
      [32m'handle@017d12abf5042d7b4003c4c9152fdd7f'[39m => [36m[ElementHandle][39m,
      [32m'handle@2edb1f3bd01efb827772b54fc70f0200'[39m => [36m[ElementHandle][39m,
      [32m'handle@20d0878653bc5476a2ad1db69131c661'[39m => [36m[ElementHandle][39m,
      [32m'handle@52142417fbbd0b2c90fb851c6de83ecd'[39m => [36m[ElementHandle][39m,
      [32m'handle@4c1e187c33699d8035f62950546ce22e'[39m => [36m[ElementHandle][39m,
      [32m'handle@83b6684287b118706db1b56e871fa82f'[39m => [36m[ElementHandle][39m
    },
    _type: [32m'Frame'[39m,
    _guid: [32m'frame@1ac336148b7174cd475f969140c9a821'[39m,
    _channel: EventEmitter {
      _events: [36m[Object: null prototype][39m,
      _eventsCount: [33m2[39m,
      _maxListeners: [90mundefined[39m,
      _object: [36m[Circular *3][39m,
      [[32mSymbol(kCapture)[39m]: [33mfalse[39m
    },
    _initializer: { url: [32m'about:blank'[39m, name: [32m''[39m, loadStates: [36m[Array][39m },
    _logger: [90mundefined[39m,
    _instrumentation: {},
    _eventToSubscriptionMapping: Map(0) {},
    _wasCollected: [33mfalse[39m,
    _eventEmitter: EventEmitter {
      _events: [Object: null prototype] {},
      _eventsCount: [33m0[39m,
      _maxListeners: [33m0[39m,
      [[32mSymbol(kCapture)[39m]: [33mfalse[39m
    },
    _loadStates: Set(3) { [32m'commit'[39m, [32m'domcontentloaded'[39m, [32m'load'[39m },
    _parentFrame: [1mnull[22m,
    _url: [32m'https://staging.metutors.com/'[39m,
    _name: [32m''[39m,
    _detached: [33mfalse[39m,
    _childFrames: Set(1) { [36m[Frame][39m },
    _page: Page {
      _events: [36m[Object: null prototype][39m,
      _eventsCount: [33m2[39m,
      _maxListeners: [33m0[39m,
      _connection: [36m[Connection][39m,
      _parent: [36m[BrowserContext][39m,
      _objects: [36m[Map][39m,
      _type: [32m'Page'[39m,
      _guid: [32m'page@66d9604a2be6fe2df008f45015222647'[39m,
      _channel: [36m[EventEmitter][39m,
      _initializer: [36m[Object][39m,
      _logger: [90mundefined[39m,
      _instrumentation: {},
      _eventToSubscriptionMapping: [36m[Map][39m,
      _wasCollected: [33mfalse[39m,
      _browserContext: [36m[BrowserContext][39m,
      _ownedContext: [90mundefined[39m,
      _mainFrame: [36m[Circular *3][39m,
      _frames: [36m[Set][39m,
      _workers: Set(0) {},
      _closed: [33mfalse[39m,
      _closedOrCrashedScope: [36m[LongStandingScope][39m,
      _viewportSize: [36m[Object][39m,
      _routes: [],
      accessibility: [36m[Accessibility][39m,
      coverage: [36m[Coverage][39m,
      keyboard: [36m[Keyboard][39m,
      mouse: [36m[Mouse][39m,
      request: [36m[APIRequestContext][39m,
      touchscreen: [36m[Touchscreen][39m,
      _bindings: Map(0) {},
      _timeoutSettings: [36m[TimeoutSettings][39m,
      _video: [1mnull[22m,
      _opener: [1mnull[22m,
      [[32mSymbol(kCapture)[39m]: [33mfalse[39m
    },
    [[32mSymbol(kCapture)[39m]: [33mfalse[39m
  },
  _objects: Map(0) {},
  _type: [32m'ElementHandle'[39m,
  _guid: [32m'handle@b4711c685669dd01115935ec66c85797'[39m,
  _channel: EventEmitter {
    _events: [Object: null prototype] { previewUpdated: [36m[Function (anonymous)][39m },
    _eventsCount: [33m1[39m,
    _maxListeners: [90mundefined[39m,
    _object: [36m[Circular *1][39m,
    [[32mSymbol(kCapture)[39m]: [33mfalse[39m
  },
  _initializer: { preview: [32m'JSHandle@node'[39m },
  _logger: [90mundefined[39m,
  _instrumentation: {},
  _eventToSubscriptionMapping: Map(0) {},
  _wasCollected: [33mfalse[39m,
  _preview: [32m'JSHandle@node'[39m,
  _elementChannel: EventEmitter {
    _events: [Object: null prototype] { previewUpdated: [36m[Function (anonymous)][39m },
    _eventsCount: [33m1[39m,
    _maxListeners: [90mundefined[39m,
    _object: [36m[Circular *1][39m,
    [[32mSymbol(kCapture)[39m]: [33mfalse[39m
  },
  [[32mSymbol(kCapture)[39m]: [33mfalse[39m
}
[90mundefined[39m
[36m<ref *1>[39m ElementHandle {
  _events: [Object: null prototype] {},
  _eventsCount: [33m0[39m,
  _maxListeners: [33m0[39m,
  _connection: [36m<ref *2>[39m Connection {
    _events: [Object: null prototype] { close: [36m[Function (anonymous)][39m },
    _eventsCount: [33m1[39m,
    _maxListeners: [90mundefined[39m,
    _objects: Map(39) {
      [32m''[39m => [36m[Root][39m,
      [32m'android@9da06c6758e40d5f5426a51498e9c42d'[39m => [36m[Android][39m,
      [32m'browser-type@ca7ab85ec9f0a062eadf94ef01b74395'[39m => [36m[BrowserType][39m,
      [32m'browser-type@73bf06cc31952d8ac16e384cda00ea76'[39m => [36m[BrowserType][39m,
      [32m'browser-type@70b9d0932ac61e70a95cd45d1120ab10'[39m => [36m[BrowserType][39m,
      [32m'electron@c199880e7a5e7435614a50a311b8cf3c'[39m => [36m[Electron][39m,
      [32m'localUtils'[39m => [36m[LocalUtils][39m,
      [32m'selectors@6d2b93526aee5de146c06b114873be00'[39m => [36m[SelectorsOwner][39m,
      [32m'Playwright'[39m => [36m[Playwright][39m,
      [32m'browser@6f1be8e834759f6bf968c6adfc9b754e'[39m => [36m[Browser][39m,
      [32m'tracing@2bb07213954d39a493a4a955ebd80475'[39m => [36m[Tracing][39m,
      [32m'request-context@9b4247a0a523763f8c1ff53692b97e20'[39m => [36m[APIRequestContext][39m,
      [32m'browser-context@f17601fc008a05b2afc1e72a8ddffb07'[39m => [36m[BrowserContext][39m,
      [32m'frame@1ac336148b7174cd475f969140c9a821'[39m => [36m[Frame][39m,
      [32m'page@66d9604a2be6fe2df008f45015222647'[39m => [36m[Page][39m,
      [32m'request@f8ef1670860d79d450cfb48db78d8438'[39m => [36m[Request][39m,
      [32m'response@381f3d7db00c14cfb4e8c4d74fce932f'[39m => [36m[Response][39m,
      [32m'ws@97d2187e05bba5676a4e5390285afe31'[39m => [36m[WebSocket][39m,
      [32m'frame@15b30c83e121b546be7895054a0af3b5'[39m => [36m[Frame][39m,
      [32m'request@a8b50e267a36ae17484a059774199111'[39m => [36m[Request][39m,
      [32m'response@baf80e5f6237c61623050e0088e108d4'[39m => [36m[Response][39m,
      [32m'handle@3fe6adcc3c92a88ddaf587645d37cb8a'[39m => [36m[ElementHandle][39m,
      [32m'handle@7444a140c5da6866c5a313a086d4be03'[39m => [36m[ElementHandle][39m,
      [32m'handle@6839be9b7780929e721f27879acdc149'[39m => [36m[ElementHandle][39m,
      [32m'handle@b4711c685669dd01115935ec66c85797'[39m => [36m[ElementHandle][39m,
      [32m'handle@58fef49f095a2a53cb7d61b5b0745f89'[39m => [36m[Circular *1][39m,
      [32m'handle@306ae0452ea7a5a2b20d56b27ea74036'[39m => [36m[ElementHandle][39m,
      [32m'handle@61a89d4880cedc2f0a8cf6b2e954805a'[39m => [36m[ElementHandle][39m,
      [32m'handle@8cb2d3619e90d33f2cd49452aaa0211c'[39m => [36m[ElementHandle][39m,
      [32m'handle@8b1a78a956bb3bbf9c823d99436bf840'[39m => [36m[ElementHandle][39m,
      [32m'handle@1d50cc1709d2a97f39fba568431cc141'[39m => [36m[ElementHandle][39m,
      [32m'handle@1e625fda3183e544354db758eaa224cf'[39m => [36m[ElementHandle][39m,
      [32m'handle@44e69438539bdb5709d215d15569a059'[39m => [36m[ElementHandle][39m,
      [32m'handle@017d12abf5042d7b4003c4c9152fdd7f'[39m => [36m[ElementHandle][39m,
      [32m'handle@2edb1f3bd01efb827772b54fc70f0200'[39m => [36m[ElementHandle][39m,
      [32m'handle@20d0878653bc5476a2ad1db69131c661'[39m => [36m[ElementHandle][39m,
      [32m'handle@52142417fbbd0b2c90fb851c6de83ecd'[39m => [36m[ElementHandle][39m,
      [32m'handle@4c1e187c33699d8035f62950546ce22e'[39m => [36m[ElementHandle][39m,
      [32m'handle@83b6684287b118706db1b56e871fa82f'[39m => [36m[ElementHandle][39m
    },
    onmessage: [36m[Function (anonymous)][39m,
    _lastId: [33m12[39m,
    _callbacks: Map(1) { [33m12[39m => [36m[Object][39m },
    _rootObject: Root {
      _events: [Object: null prototype] {},
      _eventsCount: [33m0[39m,
      _maxListeners: [33m0[39m,
      _connection: [36m[Circular *2][39m,
      _parent: [90mundefined[39m,
      _objects: [36m[Map][39m,
      _type: [32m'Root'[39m,
      _guid: [32m''[39m,
      _channel: [36m[EventEmitter][39m,
      _initializer: {},
      _logger: [90mundefined[39m,
      _instrumentation: [90mundefined[39m,
      _eventToSubscriptionMapping: Map(0) {},
      _wasCollected: [33mfalse[39m,
      [[32mSymbol(kCapture)[39m]: [33mfalse[39m
    },
    _closedErrorMessage: [90mundefined[39m,
    _isRemote: [33mfalse[39m,
    _localUtils: LocalUtils {
      _events: [Object: null prototype] {},
      _eventsCount: [33m0[39m,
      _maxListeners: [33m0[39m,
      _connection: [36m[Circular *2][39m,
      _parent: [36m[Root][39m,
      _objects: Map(0) {},
      _type: [32m'LocalUtils'[39m,
      _guid: [32m'localUtils'[39m,
      _channel: [36m[EventEmitter][39m,
      _initializer: [36m[Object][39m,
      _logger: [90mundefined[39m,
      _instrumentation: {},
      _eventToSubscriptionMapping: Map(0) {},
      _wasCollected: [33mfalse[39m,
      devices: [36m[Object][39m,
      [[32mSymbol(kCapture)[39m]: [33mfalse[39m
    },
    toImpl: [36m[Function (anonymous)][39m,
    _tracingCount: [33m0[39m,
    _instrumentation: {},
    [[32mSymbol(kCapture)[39m]: [33mfalse[39m
  },
  _parent: [36m<ref *3>[39m Frame {
    _events: [Object: null prototype] {},
    _eventsCount: [33m0[39m,
    _maxListeners: [33m0[39m,
    _connection: [36m<ref *2>[39m Connection {
      _events: [36m[Object: null prototype][39m,
      _eventsCount: [33m1[39m,
      _maxListeners: [90mundefined[39m,
      _objects: [36m[Map][39m,
      onmessage: [36m[Function (anonymous)][39m,
      _lastId: [33m12[39m,
      _callbacks: [36m[Map][39m,
      _rootObject: [36m[Root][39m,
      _closedErrorMessage: [90mundefined[39m,
      _isRemote: [33mfalse[39m,
      _localUtils: [36m[LocalUtils][39m,
      toImpl: [36m[Function (anonymous)][39m,
      _tracingCount: [33m0[39m,
      _instrumentation: {},
      [[32mSymbol(kCapture)[39m]: [33mfalse[39m
    },
    _parent: Page {
      _events: [36m[Object: null prototype][39m,
      _eventsCount: [33m2[39m,
      _maxListeners: [33m0[39m,
      _connection: [36m[Connection][39m,
      _parent: [36m[BrowserContext][39m,
      _objects: [36m[Map][39m,
      _type: [32m'Page'[39m,
      _guid: [32m'page@66d9604a2be6fe2df008f45015222647'[39m,
      _channel: [36m[EventEmitter][39m,
      _initializer: [36m[Object][39m,
      _logger: [90mundefined[39m,
      _instrumentation: {},
      _eventToSubscriptionMapping: [36m[Map][39m,
      _wasCollected: [33mfalse[39m,
      _browserContext: [36m[BrowserContext][39m,
      _ownedContext: [90mundefined[39m,
      _mainFrame: [36m[Circular *3][39m,
      _frames: [36m[Set][39m,
      _workers: Set(0) {},
      _closed: [33mfalse[39m,
      _closedOrCrashedScope: [36m[LongStandingScope][39m,
      _viewportSize: [36m[Object][39m,
      _routes: [],
      accessibility: [36m[Accessibility][39m,
      coverage: [36m[Coverage][39m,
      keyboard: [36m[Keyboard][39m,
      mouse: [36m[Mouse][39m,
      request: [36m[APIRequestContext][39m,
      touchscreen: [36m[Touchscreen][39m,
      _bindings: Map(0) {},
      _timeoutSettings: [36m[TimeoutSettings][39m,
      _video: [1mnull[22m,
      _opener: [1mnull[22m,
      [[32mSymbol(kCapture)[39m]: [33mfalse[39m
    },
    _objects: Map(18) {
      [32m'handle@3fe6adcc3c92a88ddaf587645d37cb8a'[39m => [36m[ElementHandle][39m,
      [32m'handle@7444a140c5da6866c5a313a086d4be03'[39m => [36m[ElementHandle][39m,
      [32m'handle@6839be9b7780929e721f27879acdc149'[39m => [36m[ElementHandle][39m,
      [32m'handle@b4711c685669dd01115935ec66c85797'[39m => [36m[ElementHandle][39m,
      [32m'handle@58fef49f095a2a53cb7d61b5b0745f89'[39m => [36m[Circular *1][39m,
      [32m'handle@306ae0452ea7a5a2b20d56b27ea74036'[39m => [36m[ElementHandle][39m,
      [32m'handle@61a89d4880cedc2f0a8cf6b2e954805a'[39m => [36m[ElementHandle][39m,
      [32m'handle@8cb2d3619e90d33f2cd49452aaa0211c'[39m => [36m[ElementHandle][39m,
      [32m'handle@8b1a78a956bb3bbf9c823d99436bf840'[39m => [36m[ElementHandle][39m,
      [32m'handle@1d50cc1709d2a97f39fba568431cc141'[39m => [36m[ElementHandle][39m,
      [32m'handle@1e625fda3183e544354db758eaa224cf'[39m => [36m[ElementHandle][39m,
      [32m'handle@44e69438539bdb5709d215d15569a059'[39m => [36m[ElementHandle][39m,
      [32m'handle@017d12abf5042d7b4003c4c9152fdd7f'[39m => [36m[ElementHandle][39m,
      [32m'handle@2edb1f3bd01efb827772b54fc70f0200'[39m => [36m[ElementHandle][39m,
      [32m'handle@20d0878653bc5476a2ad1db69131c661'[39m => [36m[ElementHandle][39m,
      [32m'handle@52142417fbbd0b2c90fb851c6de83ecd'[39m => [36m[ElementHandle][39m,
      [32m'handle@4c1e187c33699d8035f62950546ce22e'[39m => [36m[ElementHandle][39m,
      [32m'handle@83b6684287b118706db1b56e871fa82f'[39m => [36m[ElementHandle][39m
    },
    _type: [32m'Frame'[39m,
    _guid: [32m'frame@1ac336148b7174cd475f969140c9a821'[39m,
    _channel: EventEmitter {
      _events: [36m[Object: null prototype][39m,
      _eventsCount: [33m2[39m,
      _maxListeners: [90mundefined[39m,
      _object: [36m[Circular *3][39m,
      [[32mSymbol(kCapture)[39m]: [33mfalse[39m
    },
    _initializer: { url: [32m'about:blank'[39m, name: [32m''[39m, loadStates: [36m[Array][39m },
    _logger: [90mundefined[39m,
    _instrumentation: {},
    _eventToSubscriptionMapping: Map(0) {},
    _wasCollected: [33mfalse[39m,
    _eventEmitter: EventEmitter {
      _events: [Object: null prototype] {},
      _eventsCount: [33m0[39m,
      _maxListeners: [33m0[39m,
      [[32mSymbol(kCapture)[39m]: [33mfalse[39m
    },
    _loadStates: Set(3) { [32m'commit'[39m, [32m'domcontentloaded'[39m, [32m'load'[39m },
    _parentFrame: [1mnull[22m,
    _url: [32m'https://staging.metutors.com/'[39m,
    _name: [32m''[39m,
    _detached: [33mfalse[39m,
    _childFrames: Set(1) { [36m[Frame][39m },
    _page: Page {
      _events: [36m[Object: null prototype][39m,
      _eventsCount: [33m2[39m,
      _maxListeners: [33m0[39m,
      _connection: [36m[Connection][39m,
      _parent: [36m[BrowserContext][39m,
      _objects: [36m[Map][39m,
      _type: [32m'Page'[39m,
      _guid: [32m'page@66d9604a2be6fe2df008f45015222647'[39m,
      _channel: [36m[EventEmitter][39m,
      _initializer: [36m[Object][39m,
      _logger: [90mundefined[39m,
      _instrumentation: {},
      _eventToSubscriptionMapping: [36m[Map][39m,
      _wasCollected: [33mfalse[39m,
      _browserContext: [36m[BrowserContext][39m,
      _ownedContext: [90mundefined[39m,
      _mainFrame: [36m[Circular *3][39m,
      _frames: [36m[Set][39m,
      _workers: Set(0) {},
      _closed: [33mfalse[39m,
      _closedOrCrashedScope: [36m[LongStandingScope][39m,
      _viewportSize: [36m[Object][39m,
      _routes: [],
      accessibility: [36m[Accessibility][39m,
      coverage: [36m[Coverage][39m,
      keyboard: [36m[Keyboard][39m,
      mouse: [36m[Mouse][39m,
      request: [36m[APIRequestContext][39m,
      touchscreen: [36m[Touchscreen][39m,
      _bindings: Map(0) {},
      _timeoutSettings: [36m[TimeoutSettings][39m,
      _video: [1mnull[22m,
      _opener: [1mnull[22m,
      [[32mSymbol(kCapture)[39m]: [33mfalse[39m
    },
    [[32mSymbol(kCapture)[39m]: [33mfalse[39m
  },
  _objects: Map(0) {},
  _type: [32m'ElementHandle'[39m,
  _guid: [32m'handle@58fef49f095a2a53cb7d61b5b0745f89'[39m,
  _channel: EventEmitter {
    _events: [Object: null prototype] { previewUpdated: [36m[Function (anonymous)][39m },
    _eventsCount: [33m1[39m,
    _maxListeners: [90mundefined[39m,
    _object: [36m[Circular *1][39m,
    [[32mSymbol(kCapture)[39m]: [33mfalse[39m
  },
  _initializer: { preview: [32m'JSHandle@node'[39m },
  _logger: [90mundefined[39m,
  _instrumentation: {},
  _eventToSubscriptionMapping: Map(0) {},
  _wasCollected: [33mfalse[39m,
  _preview: [32m'JSHandle@node'[39m,
  _elementChannel: EventEmitter {
    _events: [Object: null prototype] { previewUpdated: [36m[Function (anonymous)][39m },
    _eventsCount: [33m1[39m,
    _maxListeners: [90mundefined[39m,
    _object: [36m[Circular *1][39m,
    [[32mSymbol(kCapture)[39m]: [33mfalse[39m
  },
  [[32mSymbol(kCapture)[39m]: [33mfalse[39m
}
[90mundefined[39m
[36m<ref *1>[39m ElementHandle {
  _events: [Object: null prototype] {},
  _eventsCount: [33m0[39m,
  _maxListeners: [33m0[39m,
  _connection: [36m<ref *2>[39m Connection {
    _events: [Object: null prototype] { close: [36m[Function (anonymous)][39m },
    _eventsCount: [33m1[39m,
    _maxListeners: [90mundefined[39m,
    _objects: Map(39) {
      [32m''[39m => [36m[Root][39m,
      [32m'android@9da06c6758e40d5f5426a51498e9c42d'[39m => [36m[Android][39m,
      [32m'browser-type@ca7ab85ec9f0a062eadf94ef01b74395'[39m => [36m[BrowserType][39m,
      [32m'browser-type@73bf06cc31952d8ac16e384cda00ea76'[39m => [36m[BrowserType][39m,
      [32m'browser-type@70b9d0932ac61e70a95cd45d1120ab10'[39m => [36m[BrowserType][39m,
      [32m'electron@c199880e7a5e7435614a50a311b8cf3c'[39m => [36m[Electron][39m,
      [32m'localUtils'[39m => [36m[LocalUtils][39m,
      [32m'selectors@6d2b93526aee5de146c06b114873be00'[39m => [36m[SelectorsOwner][39m,
      [32m'Playwright'[39m => [36m[Playwright][39m,
      [32m'browser@6f1be8e834759f6bf968c6adfc9b754e'[39m => [36m[Browser][39m,
      [32m'tracing@2bb07213954d39a493a4a955ebd80475'[39m => [36m[Tracing][39m,
      [32m'request-context@9b4247a0a523763f8c1ff53692b97e20'[39m => [36m[APIRequestContext][39m,
      [32m'browser-context@f17601fc008a05b2afc1e72a8ddffb07'[39m => [36m[BrowserContext][39m,
      [32m'frame@1ac336148b7174cd475f969140c9a821'[39m => [36m[Frame][39m,
      [32m'page@66d9604a2be6fe2df008f45015222647'[39m => [36m[Page][39m,
      [32m'request@f8ef1670860d79d450cfb48db78d8438'[39m => [36m[Request][39m,
      [32m'response@381f3d7db00c14cfb4e8c4d74fce932f'[39m => [36m[Response][39m,
      [32m'ws@97d2187e05bba5676a4e5390285afe31'[39m => [36m[WebSocket][39m,
      [32m'frame@15b30c83e121b546be7895054a0af3b5'[39m => [36m[Frame][39m,
      [32m'request@a8b50e267a36ae17484a059774199111'[39m => [36m[Request][39m,
      [32m'response@baf80e5f6237c61623050e0088e108d4'[39m => [36m[Response][39m,
      [32m'handle@3fe6adcc3c92a88ddaf587645d37cb8a'[39m => [36m[ElementHandle][39m,
      [32m'handle@7444a140c5da6866c5a313a086d4be03'[39m => [36m[ElementHandle][39m,
      [32m'handle@6839be9b7780929e721f27879acdc149'[39m => [36m[ElementHandle][39m,
      [32m'handle@b4711c685669dd01115935ec66c85797'[39m => [36m[ElementHandle][39m,
      [32m'handle@58fef49f095a2a53cb7d61b5b0745f89'[39m => [36m[ElementHandle][39m,
      [32m'handle@306ae0452ea7a5a2b20d56b27ea74036'[39m => [36m[Circular *1][39m,
      [32m'handle@61a89d4880cedc2f0a8cf6b2e954805a'[39m => [36m[ElementHandle][39m,
      [32m'handle@8cb2d3619e90d33f2cd49452aaa0211c'[39m => [36m[ElementHandle][39m,
      [32m'handle@8b1a78a956bb3bbf9c823d99436bf840'[39m => [36m[ElementHandle][39m,
      [32m'handle@1d50cc1709d2a97f39fba568431cc141'[39m => [36m[ElementHandle][39m,
      [32m'handle@1e625fda3183e544354db758eaa224cf'[39m => [36m[ElementHandle][39m,
      [32m'handle@44e69438539bdb5709d215d15569a059'[39m => [36m[ElementHandle][39m,
      [32m'handle@017d12abf5042d7b4003c4c9152fdd7f'[39m => [36m[ElementHandle][39m,
      [32m'handle@2edb1f3bd01efb827772b54fc70f0200'[39m => [36m[ElementHandle][39m,
      [32m'handle@20d0878653bc5476a2ad1db69131c661'[39m => [36m[ElementHandle][39m,
      [32m'handle@52142417fbbd0b2c90fb851c6de83ecd'[39m => [36m[ElementHandle][39m,
      [32m'handle@4c1e187c33699d8035f62950546ce22e'[39m => [36m[ElementHandle][39m,
      [32m'handle@83b6684287b118706db1b56e871fa82f'[39m => [36m[ElementHandle][39m
    },
    onmessage: [36m[Function (anonymous)][39m,
    _lastId: [33m12[39m,
    _callbacks: Map(1) { [33m12[39m => [36m[Object][39m },
    _rootObject: Root {
      _events: [Object: null prototype] {},
      _eventsCount: [33m0[39m,
      _maxListeners: [33m0[39m,
      _connection: [36m[Circular *2][39m,
      _parent: [90mundefined[39m,
      _objects: [36m[Map][39m,
      _type: [32m'Root'[39m,
      _guid: [32m''[39m,
      _channel: [36m[EventEmitter][39m,
      _initializer: {},
      _logger: [90mundefined[39m,
      _instrumentation: [90mundefined[39m,
      _eventToSubscriptionMapping: Map(0) {},
      _wasCollected: [33mfalse[39m,
      [[32mSymbol(kCapture)[39m]: [33mfalse[39m
    },
    _closedErrorMessage: [90mundefined[39m,
    _isRemote: [33mfalse[39m,
    _localUtils: LocalUtils {
      _events: [Object: null prototype] {},
      _eventsCount: [33m0[39m,
      _maxListeners: [33m0[39m,
      _connection: [36m[Circular *2][39m,
      _parent: [36m[Root][39m,
      _objects: Map(0) {},
      _type: [32m'LocalUtils'[39m,
      _guid: [32m'localUtils'[39m,
      _channel: [36m[EventEmitter][39m,
      _initializer: [36m[Object][39m,
      _logger: [90mundefined[39m,
      _instrumentation: {},
      _eventToSubscriptionMapping: Map(0) {},
      _wasCollected: [33mfalse[39m,
      devices: [36m[Object][39m,
      [[32mSymbol(kCapture)[39m]: [33mfalse[39m
    },
    toImpl: [36m[Function (anonymous)][39m,
    _tracingCount: [33m0[39m,
    _instrumentation: {},
    [[32mSymbol(kCapture)[39m]: [33mfalse[39m
  },
  _parent: [36m<ref *3>[39m Frame {
    _events: [Object: null prototype] {},
    _eventsCount: [33m0[39m,
    _maxListeners: [33m0[39m,
    _connection: [36m<ref *2>[39m Connection {
      _events: [36m[Object: null prototype][39m,
      _eventsCount: [33m1[39m,
      _maxListeners: [90mundefined[39m,
      _objects: [36m[Map][39m,
      onmessage: [36m[Function (anonymous)][39m,
      _lastId: [33m12[39m,
      _callbacks: [36m[Map][39m,
      _rootObject: [36m[Root][39m,
      _closedErrorMessage: [90mundefined[39m,
      _isRemote: [33mfalse[39m,
      _localUtils: [36m[LocalUtils][39m,
      toImpl: [36m[Function (anonymous)][39m,
      _tracingCount: [33m0[39m,
      _instrumentation: {},
      [[32mSymbol(kCapture)[39m]: [33mfalse[39m
    },
    _parent: Page {
      _events: [36m[Object: null prototype][39m,
      _eventsCount: [33m2[39m,
      _maxListeners: [33m0[39m,
      _connection: [36m[Connection][39m,
      _parent: [36m[BrowserContext][39m,
      _objects: [36m[Map][39m,
      _type: [32m'Page'[39m,
      _guid: [32m'page@66d9604a2be6fe2df008f45015222647'[39m,
      _channel: [36m[EventEmitter][39m,
      _initializer: [36m[Object][39m,
      _logger: [90mundefined[39m,
      _instrumentation: {},
      _eventToSubscriptionMapping: [36m[Map][39m,
      _wasCollected: [33mfalse[39m,
      _browserContext: [36m[BrowserContext][39m,
      _ownedContext: [90mundefined[39m,
      _mainFrame: [36m[Circular *3][39m,
      _frames: [36m[Set][39m,
      _workers: Set(0) {},
      _closed: [33mfalse[39m,
      _closedOrCrashedScope: [36m[LongStandingScope][39m,
      _viewportSize: [36m[Object][39m,
      _routes: [],
      accessibility: [36m[Accessibility][39m,
      coverage: [36m[Coverage][39m,
      keyboard: [36m[Keyboard][39m,
      mouse: [36m[Mouse][39m,
      request: [36m[APIRequestContext][39m,
      touchscreen: [36m[Touchscreen][39m,
      _bindings: Map(0) {},
      _timeoutSettings: [36m[TimeoutSettings][39m,
      _video: [1mnull[22m,
      _opener: [1mnull[22m,
      [[32mSymbol(kCapture)[39m]: [33mfalse[39m
    },
    _objects: Map(18) {
      [32m'handle@3fe6adcc3c92a88ddaf587645d37cb8a'[39m => [36m[ElementHandle][39m,
      [32m'handle@7444a140c5da6866c5a313a086d4be03'[39m => [36m[ElementHandle][39m,
      [32m'handle@6839be9b7780929e721f27879acdc149'[39m => [36m[ElementHandle][39m,
      [32m'handle@b4711c685669dd01115935ec66c85797'[39m => [36m[ElementHandle][39m,
      [32m'handle@58fef49f095a2a53cb7d61b5b0745f89'[39m => [36m[ElementHandle][39m,
      [32m'handle@306ae0452ea7a5a2b20d56b27ea74036'[39m => [36m[Circular *1][39m,
      [32m'handle@61a89d4880cedc2f0a8cf6b2e954805a'[39m => [36m[ElementHandle][39m,
      [32m'handle@8cb2d3619e90d33f2cd49452aaa0211c'[39m => [36m[ElementHandle][39m,
      [32m'handle@8b1a78a956bb3bbf9c823d99436bf840'[39m => [36m[ElementHandle][39m,
      [32m'handle@1d50cc1709d2a97f39fba568431cc141'[39m => [36m[ElementHandle][39m,
      [32m'handle@1e625fda3183e544354db758eaa224cf'[39m => [36m[ElementHandle][39m,
      [32m'handle@44e69438539bdb5709d215d15569a059'[39m => [36m[ElementHandle][39m,
      [32m'handle@017d12abf5042d7b4003c4c9152fdd7f'[39m => [36m[ElementHandle][39m,
      [32m'handle@2edb1f3bd01efb827772b54fc70f0200'[39m => [36m[ElementHandle][39m,
      [32m'handle@20d0878653bc5476a2ad1db69131c661'[39m => [36m[ElementHandle][39m,
      [32m'handle@52142417fbbd0b2c90fb851c6de83ecd'[39m => [36m[ElementHandle][39m,
      [32m'handle@4c1e187c33699d8035f62950546ce22e'[39m => [36m[ElementHandle][39m,
      [32m'handle@83b6684287b118706db1b56e871fa82f'[39m => [36m[ElementHandle][39m
    },
    _type: [32m'Frame'[39m,
    _guid: [32m'frame@1ac336148b7174cd475f969140c9a821'[39m,
    _channel: EventEmitter {
      _events: [36m[Object: null prototype][39m,
      _eventsCount: [33m2[39m,
      _maxListeners: [90mundefined[39m,
      _object: [36m[Circular *3][39m,
      [[32mSymbol(kCapture)[39m]: [33mfalse[39m
    },
    _initializer: { url: [32m'about:blank'[39m, name: [32m''[39m, loadStates: [36m[Array][39m },
    _logger: [90mundefined[39m,
    _instrumentation: {},
    _eventToSubscriptionMapping: Map(0) {},
    _wasCollected: [33mfalse[39m,
    _eventEmitter: EventEmitter {
      _events: [Object: null prototype] {},
      _eventsCount: [33m0[39m,
      _maxListeners: [33m0[39m,
      [[32mSymbol(kCapture)[39m]: [33mfalse[39m
    },
    _loadStates: Set(3) { [32m'commit'[39m, [32m'domcontentloaded'[39m, [32m'load'[39m },
    _parentFrame: [1mnull[22m,
    _url: [32m'https://staging.metutors.com/'[39m,
    _name: [32m''[39m,
    _detached: [33mfalse[39m,
    _childFrames: Set(1) { [36m[Frame][39m },
    _page: Page {
      _events: [36m[Object: null prototype][39m,
      _eventsCount: [33m2[39m,
      _maxListeners: [33m0[39m,
      _connection: [36m[Connection][39m,
      _parent: [36m[BrowserContext][39m,
      _objects: [36m[Map][39m,
      _type: [32m'Page'[39m,
      _guid: [32m'page@66d9604a2be6fe2df008f45015222647'[39m,
      _channel: [36m[EventEmitter][39m,
      _initializer: [36m[Object][39m,
      _logger: [90mundefined[39m,
      _instrumentation: {},
      _eventToSubscriptionMapping: [36m[Map][39m,
      _wasCollected: [33mfalse[39m,
      _browserContext: [36m[BrowserContext][39m,
      _ownedContext: [90mundefined[39m,
      _mainFrame: [36m[Circular *3][39m,
      _frames: [36m[Set][39m,
      _workers: Set(0) {},
      _closed: [33mfalse[39m,
      _closedOrCrashedScope: [36m[LongStandingScope][39m,
      _viewportSize: [36m[Object][39m,
      _routes: [],
      accessibility: [36m[Accessibility][39m,
      coverage: [36m[Coverage][39m,
      keyboard: [36m[Keyboard][39m,
      mouse: [36m[Mouse][39m,
      request: [36m[APIRequestContext][39m,
      touchscreen: [36m[Touchscreen][39m,
      _bindings: Map(0) {},
      _timeoutSettings: [36m[TimeoutSettings][39m,
      _video: [1mnull[22m,
      _opener: [1mnull[22m,
      [[32mSymbol(kCapture)[39m]: [33mfalse[39m
    },
    [[32mSymbol(kCapture)[39m]: [33mfalse[39m
  },
  _objects: Map(0) {},
  _type: [32m'ElementHandle'[39m,
  _guid: [32m'handle@306ae0452ea7a5a2b20d56b27ea74036'[39m,
  _channel: EventEmitter {
    _events: [Object: null prototype] { previewUpdated: [36m[Function (anonymous)][39m },
    _eventsCount: [33m1[39m,
    _maxListeners: [90mundefined[39m,
    _object: [36m[Circular *1][39m,
    [[32mSymbol(kCapture)[39m]: [33mfalse[39m
  },
  _initializer: { preview: [32m'JSHandle@node'[39m },
  _logger: [90mundefined[39m,
  _instrumentation: {},
  _eventToSubscriptionMapping: Map(0) {},
  _wasCollected: [33mfalse[39m,
  _preview: [32m'JSHandle@node'[39m,
  _elementChannel: EventEmitter {
    _events: [Object: null prototype] { previewUpdated: [36m[Function (anonymous)][39m },
    _eventsCount: [33m1[39m,
    _maxListeners: [90mundefined[39m,
    _object: [36m[Circular *1][39m,
    [[32mSymbol(kCapture)[39m]: [33mfalse[39m
  },
  [[32mSymbol(kCapture)[39m]: [33mfalse[39m
}
[90mundefined[39m
[36m<ref *1>[39m ElementHandle {
  _events: [Object: null prototype] {},
  _eventsCount: [33m0[39m,
  _maxListeners: [33m0[39m,
  _connection: [36m<ref *2>[39m Connection {
    _events: [Object: null prototype] { close: [36m[Function (anonymous)][39m },
    _eventsCount: [33m1[39m,
    _maxListeners: [90mundefined[39m,
    _objects: Map(39) {
      [32m''[39m => [36m[Root][39m,
      [32m'android@9da06c6758e40d5f5426a51498e9c42d'[39m => [36m[Android][39m,
      [32m'browser-type@ca7ab85ec9f0a062eadf94ef01b74395'[39m => [36m[BrowserType][39m,
      [32m'browser-type@73bf06cc31952d8ac16e384cda00ea76'[39m => [36m[BrowserType][39m,
      [32m'browser-type@70b9d0932ac61e70a95cd45d1120ab10'[39m => [36m[BrowserType][39m,
      [32m'electron@c199880e7a5e7435614a50a311b8cf3c'[39m => [36m[Electron][39m,
      [32m'localUtils'[39m => [36m[LocalUtils][39m,
      [32m'selectors@6d2b93526aee5de146c06b114873be00'[39m => [36m[SelectorsOwner][39m,
      [32m'Playwright'[39m => [36m[Playwright][39m,
      [32m'browser@6f1be8e834759f6bf968c6adfc9b754e'[39m => [36m[Browser][39m,
      [32m'tracing@2bb07213954d39a493a4a955ebd80475'[39m => [36m[Tracing][39m,
      [32m'request-context@9b4247a0a523763f8c1ff53692b97e20'[39m => [36m[APIRequestContext][39m,
      [32m'browser-context@f17601fc008a05b2afc1e72a8ddffb07'[39m => [36m[BrowserContext][39m,
      [32m'frame@1ac336148b7174cd475f969140c9a821'[39m => [36m[Frame][39m,
      [32m'page@66d9604a2be6fe2df008f45015222647'[39m => [36m[Page][39m,
      [32m'request@f8ef1670860d79d450cfb48db78d8438'[39m => [36m[Request][39m,
      [32m'response@381f3d7db00c14cfb4e8c4d74fce932f'[39m => [36m[Response][39m,
      [32m'ws@97d2187e05bba5676a4e5390285afe31'[39m => [36m[WebSocket][39m,
      [32m'frame@15b30c83e121b546be7895054a0af3b5'[39m => [36m[Frame][39m,
      [32m'request@a8b50e267a36ae17484a059774199111'[39m => [36m[Request][39m,
      [32m'response@baf80e5f6237c61623050e0088e108d4'[39m => [36m[Response][39m,
      [32m'handle@3fe6adcc3c92a88ddaf587645d37cb8a'[39m => [36m[ElementHandle][39m,
      [32m'handle@7444a140c5da6866c5a313a086d4be03'[39m => [36m[ElementHandle][39m,
      [32m'handle@6839be9b7780929e721f27879acdc149'[39m => [36m[ElementHandle][39m,
      [32m'handle@b4711c685669dd01115935ec66c85797'[39m => [36m[ElementHandle][39m,
      [32m'handle@58fef49f095a2a53cb7d61b5b0745f89'[39m => [36m[ElementHandle][39m,
      [32m'handle@306ae0452ea7a5a2b20d56b27ea74036'[39m => [36m[ElementHandle][39m,
      [32m'handle@61a89d4880cedc2f0a8cf6b2e954805a'[39m => [36m[Circular *1][39m,
      [32m'handle@8cb2d3619e90d33f2cd49452aaa0211c'[39m => [36m[ElementHandle][39m,
      [32m'handle@8b1a78a956bb3bbf9c823d99436bf840'[39m => [36m[ElementHandle][39m,
      [32m'handle@1d50cc1709d2a97f39fba568431cc141'[39m => [36m[ElementHandle][39m,
      [32m'handle@1e625fda3183e544354db758eaa224cf'[39m => [36m[ElementHandle][39m,
      [32m'handle@44e69438539bdb5709d215d15569a059'[39m => [36m[ElementHandle][39m,
      [32m'handle@017d12abf5042d7b4003c4c9152fdd7f'[39m => [36m[ElementHandle][39m,
      [32m'handle@2edb1f3bd01efb827772b54fc70f0200'[39m => [36m[ElementHandle][39m,
      [32m'handle@20d0878653bc5476a2ad1db69131c661'[39m => [36m[ElementHandle][39m,
      [32m'handle@52142417fbbd0b2c90fb851c6de83ecd'[39m => [36m[ElementHandle][39m,
      [32m'handle@4c1e187c33699d8035f62950546ce22e'[39m => [36m[ElementHandle][39m,
      [32m'handle@83b6684287b118706db1b56e871fa82f'[39m => [36m[ElementHandle][39m
    },
    onmessage: [36m[Function (anonymous)][39m,
    _lastId: [33m12[39m,
    _callbacks: Map(1) { [33m12[39m => [36m[Object][39m },
    _rootObject: Root {
      _events: [Object: null prototype] {},
      _eventsCount: [33m0[39m,
      _maxListeners: [33m0[39m,
      _connection: [36m[Circular *2][39m,
      _parent: [90mundefined[39m,
      _objects: [36m[Map][39m,
      _type: [32m'Root'[39m,
      _guid: [32m''[39m,
      _channel: [36m[EventEmitter][39m,
      _initializer: {},
      _logger: [90mundefined[39m,
      _instrumentation: [90mundefined[39m,
      _eventToSubscriptionMapping: Map(0) {},
      _wasCollected: [33mfalse[39m,
      [[32mSymbol(kCapture)[39m]: [33mfalse[39m
    },
    _closedErrorMessage: [90mundefined[39m,
    _isRemote: [33mfalse[39m,
    _localUtils: LocalUtils {
      _events: [Object: null prototype] {},
      _eventsCount: [33m0[39m,
      _maxListeners: [33m0[39m,
      _connection: [36m[Circular *2][39m,
      _parent: [36m[Root][39m,
      _objects: Map(0) {},
      _type: [32m'LocalUtils'[39m,
      _guid: [32m'localUtils'[39m,
      _channel: [36m[EventEmitter][39m,
      _initializer: [36m[Object][39m,
      _logger: [90mundefined[39m,
      _instrumentation: {},
      _eventToSubscriptionMapping: Map(0) {},
      _wasCollected: [33mfalse[39m,
      devices: [36m[Object][39m,
      [[32mSymbol(kCapture)[39m]: [33mfalse[39m
    },
    toImpl: [36m[Function (anonymous)][39m,
    _tracingCount: [33m0[39m,
    _instrumentation: {},
    [[32mSymbol(kCapture)[39m]: [33mfalse[39m
  },
  _parent: [36m<ref *3>[39m Frame {
    _events: [Object: null prototype] {},
    _eventsCount: [33m0[39m,
    _maxListeners: [33m0[39m,
    _connection: [36m<ref *2>[39m Connection {
      _events: [36m[Object: null prototype][39m,
      _eventsCount: [33m1[39m,
      _maxListeners: [90mundefined[39m,
      _objects: [36m[Map][39m,
      onmessage: [36m[Function (anonymous)][39m,
      _lastId: [33m12[39m,
      _callbacks: [36m[Map][39m,
      _rootObject: [36m[Root][39m,
      _closedErrorMessage: [90mundefined[39m,
      _isRemote: [33mfalse[39m,
      _localUtils: [36m[LocalUtils][39m,
      toImpl: [36m[Function (anonymous)][39m,
      _tracingCount: [33m0[39m,
      _instrumentation: {},
      [[32mSymbol(kCapture)[39m]: [33mfalse[39m
    },
    _parent: Page {
      _events: [36m[Object: null prototype][39m,
      _eventsCount: [33m2[39m,
      _maxListeners: [33m0[39m,
      _connection: [36m[Connection][39m,
      _parent: [36m[BrowserContext][39m,
      _objects: [36m[Map][39m,
      _type: [32m'Page'[39m,
      _guid: [32m'page@66d9604a2be6fe2df008f45015222647'[39m,
      _channel: [36m[EventEmitter][39m,
      _initializer: [36m[Object][39m,
      _logger: [90mundefined[39m,
      _instrumentation: {},
      _eventToSubscriptionMapping: [36m[Map][39m,
      _wasCollected: [33mfalse[39m,
      _browserContext: [36m[BrowserContext][39m,
      _ownedContext: [90mundefined[39m,
      _mainFrame: [36m[Circular *3][39m,
      _frames: [36m[Set][39m,
      _workers: Set(0) {},
      _closed: [33mfalse[39m,
      _closedOrCrashedScope: [36m[LongStandingScope][39m,
      _viewportSize: [36m[Object][39m,
      _routes: [],
      accessibility: [36m[Accessibility][39m,
      coverage: [36m[Coverage][39m,
      keyboard: [36m[Keyboard][39m,
      mouse: [36m[Mouse][39m,
      request: [36m[APIRequestContext][39m,
      touchscreen: [36m[Touchscreen][39m,
      _bindings: Map(0) {},
      _timeoutSettings: [36m[TimeoutSettings][39m,
      _video: [1mnull[22m,
      _opener: [1mnull[22m,
      [[32mSymbol(kCapture)[39m]: [33mfalse[39m
    },
    _objects: Map(18) {
      [32m'handle@3fe6adcc3c92a88ddaf587645d37cb8a'[39m => [36m[ElementHandle][39m,
      [32m'handle@7444a140c5da6866c5a313a086d4be03'[39m => [36m[ElementHandle][39m,
      [32m'handle@6839be9b7780929e721f27879acdc149'[39m => [36m[ElementHandle][39m,
      [32m'handle@b4711c685669dd01115935ec66c85797'[39m => [36m[ElementHandle][39m,
      [32m'handle@58fef49f095a2a53cb7d61b5b0745f89'[39m => [36m[ElementHandle][39m,
      [32m'handle@306ae0452ea7a5a2b20d56b27ea74036'[39m => [36m[ElementHandle][39m,
      [32m'handle@61a89d4880cedc2f0a8cf6b2e954805a'[39m => [36m[Circular *1][39m,
      [32m'handle@8cb2d3619e90d33f2cd49452aaa0211c'[39m => [36m[ElementHandle][39m,
      [32m'handle@8b1a78a956bb3bbf9c823d99436bf840'[39m => [36m[ElementHandle][39m,
      [32m'handle@1d50cc1709d2a97f39fba568431cc141'[39m => [36m[ElementHandle][39m,
      [32m'handle@1e625fda3183e544354db758eaa224cf'[39m => [36m[ElementHandle][39m,
      [32m'handle@44e69438539bdb5709d215d15569a059'[39m => [36m[ElementHandle][39m,
      [32m'handle@017d12abf5042d7b4003c4c9152fdd7f'[39m => [36m[ElementHandle][39m,
      [32m'handle@2edb1f3bd01efb827772b54fc70f0200'[39m => [36m[ElementHandle][39m,
      [32m'handle@20d0878653bc5476a2ad1db69131c661'[39m => [36m[ElementHandle][39m,
      [32m'handle@52142417fbbd0b2c90fb851c6de83ecd'[39m => [36m[ElementHandle][39m,
      [32m'handle@4c1e187c33699d8035f62950546ce22e'[39m => [36m[ElementHandle][39m,
      [32m'handle@83b6684287b118706db1b56e871fa82f'[39m => [36m[ElementHandle][39m
    },
    _type: [32m'Frame'[39m,
    _guid: [32m'frame@1ac336148b7174cd475f969140c9a821'[39m,
    _channel: EventEmitter {
      _events: [36m[Object: null prototype][39m,
      _eventsCount: [33m2[39m,
      _maxListeners: [90mundefined[39m,
      _object: [36m[Circular *3][39m,
      [[32mSymbol(kCapture)[39m]: [33mfalse[39m
    },
    _initializer: { url: [32m'about:blank'[39m, name: [32m''[39m, loadStates: [36m[Array][39m },
    _logger: [90mundefined[39m,
    _instrumentation: {},
    _eventToSubscriptionMapping: Map(0) {},
    _wasCollected: [33mfalse[39m,
    _eventEmitter: EventEmitter {
      _events: [Object: null prototype] {},
      _eventsCount: [33m0[39m,
      _maxListeners: [33m0[39m,
      [[32mSymbol(kCapture)[39m]: [33mfalse[39m
    },
    _loadStates: Set(3) { [32m'commit'[39m, [32m'domcontentloaded'[39m, [32m'load'[39m },
    _parentFrame: [1mnull[22m,
    _url: [32m'https://staging.metutors.com/'[39m,
    _name: [32m''[39m,
    _detached: [33mfalse[39m,
    _childFrames: Set(1) { [36m[Frame][39m },
    _page: Page {
      _events: [36m[Object: null prototype][39m,
      _eventsCount: [33m2[39m,
      _maxListeners: [33m0[39m,
      _connection: [36m[Connection][39m,
      _parent: [36m[BrowserContext][39m,
      _objects: [36m[Map][39m,
      _type: [32m'Page'[39m,
      _guid: [32m'page@66d9604a2be6fe2df008f45015222647'[39m,
      _channel: [36m[EventEmitter][39m,
      _initializer: [36m[Object][39m,
      _logger: [90mundefined[39m,
      _instrumentation: {},
      _eventToSubscriptionMapping: [36m[Map][39m,
      _wasCollected: [33mfalse[39m,
      _browserContext: [36m[BrowserContext][39m,
      _ownedContext: [90mundefined[39m,
      _mainFrame: [36m[Circular *3][39m,
      _frames: [36m[Set][39m,
      _workers: Set(0) {},
      _closed: [33mfalse[39m,
      _closedOrCrashedScope: [36m[LongStandingScope][39m,
      _viewportSize: [36m[Object][39m,
      _routes: [],
      accessibility: [36m[Accessibility][39m,
      coverage: [36m[Coverage][39m,
      keyboard: [36m[Keyboard][39m,
      mouse: [36m[Mouse][39m,
      request: [36m[APIRequestContext][39m,
      touchscreen: [36m[Touchscreen][39m,
      _bindings: Map(0) {},
      _timeoutSettings: [36m[TimeoutSettings][39m,
      _video: [1mnull[22m,
      _opener: [1mnull[22m,
      [[32mSymbol(kCapture)[39m]: [33mfalse[39m
    },
    [[32mSymbol(kCapture)[39m]: [33mfalse[39m
  },
  _objects: Map(0) {},
  _type: [32m'ElementHandle'[39m,
  _guid: [32m'handle@61a89d4880cedc2f0a8cf6b2e954805a'[39m,
  _channel: EventEmitter {
    _events: [Object: null prototype] { previewUpdated: [36m[Function (anonymous)][39m },
    _eventsCount: [33m1[39m,
    _maxListeners: [90mundefined[39m,
    _object: [36m[Circular *1][39m,
    [[32mSymbol(kCapture)[39m]: [33mfalse[39m
  },
  _initializer: { preview: [32m'JSHandle@node'[39m },
  _logger: [90mundefined[39m,
  _instrumentation: {},
  _eventToSubscriptionMapping: Map(0) {},
  _wasCollected: [33mfalse[39m,
  _preview: [32m'JSHandle@node'[39m,
  _elementChannel: EventEmitter {
    _events: [Object: null prototype] { previewUpdated: [36m[Function (anonymous)][39m },
    _eventsCount: [33m1[39m,
    _maxListeners: [90mundefined[39m,
    _object: [36m[Circular *1][39m,
    [[32mSymbol(kCapture)[39m]: [33mfalse[39m
  },
  [[32mSymbol(kCapture)[39m]: [33mfalse[39m
}
[90mundefined[39m
[36m<ref *1>[39m ElementHandle {
  _events: [Object: null prototype] {},
  _eventsCount: [33m0[39m,
  _maxListeners: [33m0[39m,
  _connection: [36m<ref *2>[39m Connection {
    _events: [Object: null prototype] { close: [36m[Function (anonymous)][39m },
    _eventsCount: [33m1[39m,
    _maxListeners: [90mundefined[39m,
    _objects: Map(39) {
      [32m''[39m => [36m[Root][39m,
      [32m'android@9da06c6758e40d5f5426a51498e9c42d'[39m => [36m[Android][39m,
      [32m'browser-type@ca7ab85ec9f0a062eadf94ef01b74395'[39m => [36m[BrowserType][39m,
      [32m'browser-type@73bf06cc31952d8ac16e384cda00ea76'[39m => [36m[BrowserType][39m,
      [32m'browser-type@70b9d0932ac61e70a95cd45d1120ab10'[39m => [36m[BrowserType][39m,
      [32m'electron@c199880e7a5e7435614a50a311b8cf3c'[39m => [36m[Electron][39m,
      [32m'localUtils'[39m => [36m[LocalUtils][39m,
      [32m'selectors@6d2b93526aee5de146c06b114873be00'[39m => [36m[SelectorsOwner][39m,
      [32m'Playwright'[39m => [36m[Playwright][39m,
      [32m'browser@6f1be8e834759f6bf968c6adfc9b754e'[39m => [36m[Browser][39m,
      [32m'tracing@2bb07213954d39a493a4a955ebd80475'[39m => [36m[Tracing][39m,
      [32m'request-context@9b4247a0a523763f8c1ff53692b97e20'[39m => [36m[APIRequestContext][39m,
      [32m'browser-context@f17601fc008a05b2afc1e72a8ddffb07'[39m => [36m[BrowserContext][39m,
      [32m'frame@1ac336148b7174cd475f969140c9a821'[39m => [36m[Frame][39m,
      [32m'page@66d9604a2be6fe2df008f45015222647'[39m => [36m[Page][39m,
      [32m'request@f8ef1670860d79d450cfb48db78d8438'[39m => [36m[Request][39m,
      [32m'response@381f3d7db00c14cfb4e8c4d74fce932f'[39m => [36m[Response][39m,
      [32m'ws@97d2187e05bba5676a4e5390285afe31'[39m => [36m[WebSocket][39m,
      [32m'frame@15b30c83e121b546be7895054a0af3b5'[39m => [36m[Frame][39m,
      [32m'request@a8b50e267a36ae17484a059774199111'[39m => [36m[Request][39m,
      [32m'response@baf80e5f6237c61623050e0088e108d4'[39m => [36m[Response][39m,
      [32m'handle@3fe6adcc3c92a88ddaf587645d37cb8a'[39m => [36m[ElementHandle][39m,
      [32m'handle@7444a140c5da6866c5a313a086d4be03'[39m => [36m[ElementHandle][39m,
      [32m'handle@6839be9b7780929e721f27879acdc149'[39m => [36m[ElementHandle][39m,
      [32m'handle@b4711c685669dd01115935ec66c85797'[39m => [36m[ElementHandle][39m,
      [32m'handle@58fef49f095a2a53cb7d61b5b0745f89'[39m => [36m[ElementHandle][39m,
      [32m'handle@306ae0452ea7a5a2b20d56b27ea74036'[39m => [36m[ElementHandle][39m,
      [32m'handle@61a89d4880cedc2f0a8cf6b2e954805a'[39m => [36m[ElementHandle][39m,
      [32m'handle@8cb2d3619e90d33f2cd49452aaa0211c'[39m => [36m[Circular *1][39m,
      [32m'handle@8b1a78a956bb3bbf9c823d99436bf840'[39m => [36m[ElementHandle][39m,
      [32m'handle@1d50cc1709d2a97f39fba568431cc141'[39m => [36m[ElementHandle][39m,
      [32m'handle@1e625fda3183e544354db758eaa224cf'[39m => [36m[ElementHandle][39m,
      [32m'handle@44e69438539bdb5709d215d15569a059'[39m => [36m[ElementHandle][39m,
      [32m'handle@017d12abf5042d7b4003c4c9152fdd7f'[39m => [36m[ElementHandle][39m,
      [32m'handle@2edb1f3bd01efb827772b54fc70f0200'[39m => [36m[ElementHandle][39m,
      [32m'handle@20d0878653bc5476a2ad1db69131c661'[39m => [36m[ElementHandle][39m,
      [32m'handle@52142417fbbd0b2c90fb851c6de83ecd'[39m => [36m[ElementHandle][39m,
      [32m'handle@4c1e187c33699d8035f62950546ce22e'[39m => [36m[ElementHandle][39m,
      [32m'handle@83b6684287b118706db1b56e871fa82f'[39m => [36m[ElementHandle][39m
    },
    onmessage: [36m[Function (anonymous)][39m,
    _lastId: [33m12[39m,
    _callbacks: Map(1) { [33m12[39m => [36m[Object][39m },
    _rootObject: Root {
      _events: [Object: null prototype] {},
      _eventsCount: [33m0[39m,
      _maxListeners: [33m0[39m,
      _connection: [36m[Circular *2][39m,
      _parent: [90mundefined[39m,
      _objects: [36m[Map][39m,
      _type: [32m'Root'[39m,
      _guid: [32m''[39m,
      _channel: [36m[EventEmitter][39m,
      _initializer: {},
      _logger: [90mundefined[39m,
      _instrumentation: [90mundefined[39m,
      _eventToSubscriptionMapping: Map(0) {},
      _wasCollected: [33mfalse[39m,
      [[32mSymbol(kCapture)[39m]: [33mfalse[39m
    },
    _closedErrorMessage: [90mundefined[39m,
    _isRemote: [33mfalse[39m,
    _localUtils: LocalUtils {
      _events: [Object: null prototype] {},
      _eventsCount: [33m0[39m,
      _maxListeners: [33m0[39m,
      _connection: [36m[Circular *2][39m,
      _parent: [36m[Root][39m,
      _objects: Map(0) {},
      _type: [32m'LocalUtils'[39m,
      _guid: [32m'localUtils'[39m,
      _channel: [36m[EventEmitter][39m,
      _initializer: [36m[Object][39m,
      _logger: [90mundefined[39m,
      _instrumentation: {},
      _eventToSubscriptionMapping: Map(0) {},
      _wasCollected: [33mfalse[39m,
      devices: [36m[Object][39m,
      [[32mSymbol(kCapture)[39m]: [33mfalse[39m
    },
    toImpl: [36m[Function (anonymous)][39m,
    _tracingCount: [33m0[39m,
    _instrumentation: {},
    [[32mSymbol(kCapture)[39m]: [33mfalse[39m
  },
  _parent: [36m<ref *3>[39m Frame {
    _events: [Object: null prototype] {},
    _eventsCount: [33m0[39m,
    _maxListeners: [33m0[39m,
    _connection: [36m<ref *2>[39m Connection {
      _events: [36m[Object: null prototype][39m,
      _eventsCount: [33m1[39m,
      _maxListeners: [90mundefined[39m,
      _objects: [36m[Map][39m,
      onmessage: [36m[Function (anonymous)][39m,
      _lastId: [33m12[39m,
      _callbacks: [36m[Map][39m,
      _rootObject: [36m[Root][39m,
      _closedErrorMessage: [90mundefined[39m,
      _isRemote: [33mfalse[39m,
      _localUtils: [36m[LocalUtils][39m,
      toImpl: [36m[Function (anonymous)][39m,
      _tracingCount: [33m0[39m,
      _instrumentation: {},
      [[32mSymbol(kCapture)[39m]: [33mfalse[39m
    },
    _parent: Page {
      _events: [36m[Object: null prototype][39m,
      _eventsCount: [33m2[39m,
      _maxListeners: [33m0[39m,
      _connection: [36m[Connection][39m,
      _parent: [36m[BrowserContext][39m,
      _objects: [36m[Map][39m,
      _type: [32m'Page'[39m,
      _guid: [32m'page@66d9604a2be6fe2df008f45015222647'[39m,
      _channel: [36m[EventEmitter][39m,
      _initializer: [36m[Object][39m,
      _logger: [90mundefined[39m,
      _instrumentation: {},
      _eventToSubscriptionMapping: [36m[Map][39m,
      _wasCollected: [33mfalse[39m,
      _browserContext: [36m[BrowserContext][39m,
      _ownedContext: [90mundefined[39m,
      _mainFrame: [36m[Circular *3][39m,
      _frames: [36m[Set][39m,
      _workers: Set(0) {},
      _closed: [33mfalse[39m,
      _closedOrCrashedScope: [36m[LongStandingScope][39m,
      _viewportSize: [36m[Object][39m,
      _routes: [],
      accessibility: [36m[Accessibility][39m,
      coverage: [36m[Coverage][39m,
      keyboard: [36m[Keyboard][39m,
      mouse: [36m[Mouse][39m,
      request: [36m[APIRequestContext][39m,
      touchscreen: [36m[Touchscreen][39m,
      _bindings: Map(0) {},
      _timeoutSettings: [36m[TimeoutSettings][39m,
      _video: [1mnull[22m,
      _opener: [1mnull[22m,
      [[32mSymbol(kCapture)[39m]: [33mfalse[39m
    },
    _objects: Map(18) {
      [32m'handle@3fe6adcc3c92a88ddaf587645d37cb8a'[39m => [36m[ElementHandle][39m,
      [32m'handle@7444a140c5da6866c5a313a086d4be03'[39m => [36m[ElementHandle][39m,
      [32m'handle@6839be9b7780929e721f27879acdc149'[39m => [36m[ElementHandle][39m,
      [32m'handle@b4711c685669dd01115935ec66c85797'[39m => [36m[ElementHandle][39m,
      [32m'handle@58fef49f095a2a53cb7d61b5b0745f89'[39m => [36m[ElementHandle][39m,
      [32m'handle@306ae0452ea7a5a2b20d56b27ea74036'[39m => [36m[ElementHandle][39m,
      [32m'handle@61a89d4880cedc2f0a8cf6b2e954805a'[39m => [36m[ElementHandle][39m,
      [32m'handle@8cb2d3619e90d33f2cd49452aaa0211c'[39m => [36m[Circular *1][39m,
      [32m'handle@8b1a78a956bb3bbf9c823d99436bf840'[39m => [36m[ElementHandle][39m,
      [32m'handle@1d50cc1709d2a97f39fba568431cc141'[39m => [36m[ElementHandle][39m,
      [32m'handle@1e625fda3183e544354db758eaa224cf'[39m => [36m[ElementHandle][39m,
      [32m'handle@44e69438539bdb5709d215d15569a059'[39m => [36m[ElementHandle][39m,
      [32m'handle@017d12abf5042d7b4003c4c9152fdd7f'[39m => [36m[ElementHandle][39m,
      [32m'handle@2edb1f3bd01efb827772b54fc70f0200'[39m => [36m[ElementHandle][39m,
      [32m'handle@20d0878653bc5476a2ad1db69131c661'[39m => [36m[ElementHandle][39m,
      [32m'handle@52142417fbbd0b2c90fb851c6de83ecd'[39m => [36m[ElementHandle][39m,
      [32m'handle@4c1e187c33699d8035f62950546ce22e'[39m => [36m[ElementHandle][39m,
      [32m'handle@83b6684287b118706db1b56e871fa82f'[39m => [36m[ElementHandle][39m
    },
    _type: [32m'Frame'[39m,
    _guid: [32m'frame@1ac336148b7174cd475f969140c9a821'[39m,
    _channel: EventEmitter {
      _events: [36m[Object: null prototype][39m,
      _eventsCount: [33m2[39m,
      _maxListeners: [90mundefined[39m,
      _object: [36m[Circular *3][39m,
      [[32mSymbol(kCapture)[39m]: [33mfalse[39m
    },
    _initializer: { url: [32m'about:blank'[39m, name: [32m''[39m, loadStates: [36m[Array][39m },
    _logger: [90mundefined[39m,
    _instrumentation: {},
    _eventToSubscriptionMapping: Map(0) {},
    _wasCollected: [33mfalse[39m,
    _eventEmitter: EventEmitter {
      _events: [Object: null prototype] {},
      _eventsCount: [33m0[39m,
      _maxListeners: [33m0[39m,
      [[32mSymbol(kCapture)[39m]: [33mfalse[39m
    },
    _loadStates: Set(3) { [32m'commit'[39m, [32m'domcontentloaded'[39m, [32m'load'[39m },
    _parentFrame: [1mnull[22m,
    _url: [32m'https://staging.metutors.com/'[39m,
    _name: [32m''[39m,
    _detached: [33mfalse[39m,
    _childFrames: Set(1) { [36m[Frame][39m },
    _page: Page {
      _events: [36m[Object: null prototype][39m,
      _eventsCount: [33m2[39m,
      _maxListeners: [33m0[39m,
      _connection: [36m[Connection][39m,
      _parent: [36m[BrowserContext][39m,
      _objects: [36m[Map][39m,
      _type: [32m'Page'[39m,
      _guid: [32m'page@66d9604a2be6fe2df008f45015222647'[39m,
      _channel: [36m[EventEmitter][39m,
      _initializer: [36m[Object][39m,
      _logger: [90mundefined[39m,
      _instrumentation: {},
      _eventToSubscriptionMapping: [36m[Map][39m,
      _wasCollected: [33mfalse[39m,
      _browserContext: [36m[BrowserContext][39m,
      _ownedContext: [90mundefined[39m,
      _mainFrame: [36m[Circular *3][39m,
      _frames: [36m[Set][39m,
      _workers: Set(0) {},
      _closed: [33mfalse[39m,
      _closedOrCrashedScope: [36m[LongStandingScope][39m,
      _viewportSize: [36m[Object][39m,
      _routes: [],
      accessibility: [36m[Accessibility][39m,
      coverage: [36m[Coverage][39m,
      keyboard: [36m[Keyboard][39m,
      mouse: [36m[Mouse][39m,
      request: [36m[APIRequestContext][39m,
      touchscreen: [36m[Touchscreen][39m,
      _bindings: Map(0) {},
      _timeoutSettings: [36m[TimeoutSettings][39m,
      _video: [1mnull[22m,
      _opener: [1mnull[22m,
      [[32mSymbol(kCapture)[39m]: [33mfalse[39m
    },
    [[32mSymbol(kCapture)[39m]: [33mfalse[39m
  },
  _objects: Map(0) {},
  _type: [32m'ElementHandle'[39m,
  _guid: [32m'handle@8cb2d3619e90d33f2cd49452aaa0211c'[39m,
  _channel: EventEmitter {
    _events: [Object: null prototype] { previewUpdated: [36m[Function (anonymous)][39m },
    _eventsCount: [33m1[39m,
    _maxListeners: [90mundefined[39m,
    _object: [36m[Circular *1][39m,
    [[32mSymbol(kCapture)[39m]: [33mfalse[39m
  },
  _initializer: { preview: [32m'JSHandle@node'[39m },
  _logger: [90mundefined[39m,
  _instrumentation: {},
  _eventToSubscriptionMapping: Map(0) {},
  _wasCollected: [33mfalse[39m,
  _preview: [32m'JSHandle@node'[39m,
  _elementChannel: EventEmitter {
    _events: [Object: null prototype] { previewUpdated: [36m[Function (anonymous)][39m },
    _eventsCount: [33m1[39m,
    _maxListeners: [90mundefined[39m,
    _object: [36m[Circular *1][39m,
    [[32mSymbol(kCapture)[39m]: [33mfalse[39m
  },
  [[32mSymbol(kCapture)[39m]: [33mfalse[39m
}
[90mundefined[39m
[36m<ref *1>[39m ElementHandle {
  _events: [Object: null prototype] {},
  _eventsCount: [33m0[39m,
  _maxListeners: [33m0[39m,
  _connection: [36m<ref *2>[39m Connection {
    _events: [Object: null prototype] { close: [36m[Function (anonymous)][39m },
    _eventsCount: [33m1[39m,
    _maxListeners: [90mundefined[39m,
    _objects: Map(39) {
      [32m''[39m => [36m[Root][39m,
      [32m'android@9da06c6758e40d5f5426a51498e9c42d'[39m => [36m[Android][39m,
      [32m'browser-type@ca7ab85ec9f0a062eadf94ef01b74395'[39m => [36m[BrowserType][39m,
      [32m'browser-type@73bf06cc31952d8ac16e384cda00ea76'[39m => [36m[BrowserType][39m,
      [32m'browser-type@70b9d0932ac61e70a95cd45d1120ab10'[39m => [36m[BrowserType][39m,
      [32m'electron@c199880e7a5e7435614a50a311b8cf3c'[39m => [36m[Electron][39m,
      [32m'localUtils'[39m => [36m[LocalUtils][39m,
      [32m'selectors@6d2b93526aee5de146c06b114873be00'[39m => [36m[SelectorsOwner][39m,
      [32m'Playwright'[39m => [36m[Playwright][39m,
      [32m'browser@6f1be8e834759f6bf968c6adfc9b754e'[39m => [36m[Browser][39m,
      [32m'tracing@2bb07213954d39a493a4a955ebd80475'[39m => [36m[Tracing][39m,
      [32m'request-context@9b4247a0a523763f8c1ff53692b97e20'[39m => [36m[APIRequestContext][39m,
      [32m'browser-context@f17601fc008a05b2afc1e72a8ddffb07'[39m => [36m[BrowserContext][39m,
      [32m'frame@1ac336148b7174cd475f969140c9a821'[39m => [36m[Frame][39m,
      [32m'page@66d9604a2be6fe2df008f45015222647'[39m => [36m[Page][39m,
      [32m'request@f8ef1670860d79d450cfb48db78d8438'[39m => [36m[Request][39m,
      [32m'response@381f3d7db00c14cfb4e8c4d74fce932f'[39m => [36m[Response][39m,
      [32m'ws@97d2187e05bba5676a4e5390285afe31'[39m => [36m[WebSocket][39m,
      [32m'frame@15b30c83e121b546be7895054a0af3b5'[39m => [36m[Frame][39m,
      [32m'request@a8b50e267a36ae17484a059774199111'[39m => [36m[Request][39m,
      [32m'response@baf80e5f6237c61623050e0088e108d4'[39m => [36m[Response][39m,
      [32m'handle@3fe6adcc3c92a88ddaf587645d37cb8a'[39m => [36m[ElementHandle][39m,
      [32m'handle@7444a140c5da6866c5a313a086d4be03'[39m => [36m[ElementHandle][39m,
      [32m'handle@6839be9b7780929e721f27879acdc149'[39m => [36m[ElementHandle][39m,
      [32m'handle@b4711c685669dd01115935ec66c85797'[39m => [36m[ElementHandle][39m,
      [32m'handle@58fef49f095a2a53cb7d61b5b0745f89'[39m => [36m[ElementHandle][39m,
      [32m'handle@306ae0452ea7a5a2b20d56b27ea74036'[39m => [36m[ElementHandle][39m,
      [32m'handle@61a89d4880cedc2f0a8cf6b2e954805a'[39m => [36m[ElementHandle][39m,
      [32m'handle@8cb2d3619e90d33f2cd49452aaa0211c'[39m => [36m[ElementHandle][39m,
      [32m'handle@8b1a78a956bb3bbf9c823d99436bf840'[39m => [36m[Circular *1][39m,
      [32m'handle@1d50cc1709d2a97f39fba568431cc141'[39m => [36m[ElementHandle][39m,
      [32m'handle@1e625fda3183e544354db758eaa224cf'[39m => [36m[ElementHandle][39m,
      [32m'handle@44e69438539bdb5709d215d15569a059'[39m => [36m[ElementHandle][39m,
      [32m'handle@017d12abf5042d7b4003c4c9152fdd7f'[39m => [36m[ElementHandle][39m,
      [32m'handle@2edb1f3bd01efb827772b54fc70f0200'[39m => [36m[ElementHandle][39m,
      [32m'handle@20d0878653bc5476a2ad1db69131c661'[39m => [36m[ElementHandle][39m,
      [32m'handle@52142417fbbd0b2c90fb851c6de83ecd'[39m => [36m[ElementHandle][39m,
      [32m'handle@4c1e187c33699d8035f62950546ce22e'[39m => [36m[ElementHandle][39m,
      [32m'handle@83b6684287b118706db1b56e871fa82f'[39m => [36m[ElementHandle][39m
    },
    onmessage: [36m[Function (anonymous)][39m,
    _lastId: [33m12[39m,
    _callbacks: Map(1) { [33m12[39m => [36m[Object][39m },
    _rootObject: Root {
      _events: [Object: null prototype] {},
      _eventsCount: [33m0[39m,
      _maxListeners: [33m0[39m,
      _connection: [36m[Circular *2][39m,
      _parent: [90mundefined[39m,
      _objects: [36m[Map][39m,
      _type: [32m'Root'[39m,
      _guid: [32m''[39m,
      _channel: [36m[EventEmitter][39m,
      _initializer: {},
      _logger: [90mundefined[39m,
      _instrumentation: [90mundefined[39m,
      _eventToSubscriptionMapping: Map(0) {},
      _wasCollected: [33mfalse[39m,
      [[32mSymbol(kCapture)[39m]: [33mfalse[39m
    },
    _closedErrorMessage: [90mundefined[39m,
    _isRemote: [33mfalse[39m,
    _localUtils: LocalUtils {
      _events: [Object: null prototype] {},
      _eventsCount: [33m0[39m,
      _maxListeners: [33m0[39m,
      _connection: [36m[Circular *2][39m,
      _parent: [36m[Root][39m,
      _objects: Map(0) {},
      _type: [32m'LocalUtils'[39m,
      _guid: [32m'localUtils'[39m,
      _channel: [36m[EventEmitter][39m,
      _initializer: [36m[Object][39m,
      _logger: [90mundefined[39m,
      _instrumentation: {},
      _eventToSubscriptionMapping: Map(0) {},
      _wasCollected: [33mfalse[39m,
      devices: [36m[Object][39m,
      [[32mSymbol(kCapture)[39m]: [33mfalse[39m
    },
    toImpl: [36m[Function (anonymous)][39m,
    _tracingCount: [33m0[39m,
    _instrumentation: {},
    [[32mSymbol(kCapture)[39m]: [33mfalse[39m
  },
  _parent: [36m<ref *3>[39m Frame {
    _events: [Object: null prototype] {},
    _eventsCount: [33m0[39m,
    _maxListeners: [33m0[39m,
    _connection: [36m<ref *2>[39m Connection {
      _events: [36m[Object: null prototype][39m,
      _eventsCount: [33m1[39m,
      _maxListeners: [90mundefined[39m,
      _objects: [36m[Map][39m,
      onmessage: [36m[Function (anonymous)][39m,
      _lastId: [33m12[39m,
      _callbacks: [36m[Map][39m,
      _rootObject: [36m[Root][39m,
      _closedErrorMessage: [90mundefined[39m,
      _isRemote: [33mfalse[39m,
      _localUtils: [36m[LocalUtils][39m,
      toImpl: [36m[Function (anonymous)][39m,
      _tracingCount: [33m0[39m,
      _instrumentation: {},
      [[32mSymbol(kCapture)[39m]: [33mfalse[39m
    },
    _parent: Page {
      _events: [36m[Object: null prototype][39m,
      _eventsCount: [33m2[39m,
      _maxListeners: [33m0[39m,
      _connection: [36m[Connection][39m,
      _parent: [36m[BrowserContext][39m,
      _objects: [36m[Map][39m,
      _type: [32m'Page'[39m,
      _guid: [32m'page@66d9604a2be6fe2df008f45015222647'[39m,
      _channel: [36m[EventEmitter][39m,
      _initializer: [36m[Object][39m,
      _logger: [90mundefined[39m,
      _instrumentation: {},
      _eventToSubscriptionMapping: [36m[Map][39m,
      _wasCollected: [33mfalse[39m,
      _browserContext: [36m[BrowserContext][39m,
      _ownedContext: [90mundefined[39m,
      _mainFrame: [36m[Circular *3][39m,
      _frames: [36m[Set][39m,
      _workers: Set(0) {},
      _closed: [33mfalse[39m,
      _closedOrCrashedScope: [36m[LongStandingScope][39m,
      _viewportSize: [36m[Object][39m,
      _routes: [],
      accessibility: [36m[Accessibility][39m,
      coverage: [36m[Coverage][39m,
      keyboard: [36m[Keyboard][39m,
      mouse: [36m[Mouse][39m,
      request: [36m[APIRequestContext][39m,
      touchscreen: [36m[Touchscreen][39m,
      _bindings: Map(0) {},
      _timeoutSettings: [36m[TimeoutSettings][39m,
      _video: [1mnull[22m,
      _opener: [1mnull[22m,
      [[32mSymbol(kCapture)[39m]: [33mfalse[39m
    },
    _objects: Map(18) {
      [32m'handle@3fe6adcc3c92a88ddaf587645d37cb8a'[39m => [36m[ElementHandle][39m,
      [32m'handle@7444a140c5da6866c5a313a086d4be03'[39m => [36m[ElementHandle][39m,
      [32m'handle@6839be9b7780929e721f27879acdc149'[39m => [36m[ElementHandle][39m,
      [32m'handle@b4711c685669dd01115935ec66c85797'[39m => [36m[ElementHandle][39m,
      [32m'handle@58fef49f095a2a53cb7d61b5b0745f89'[39m => [36m[ElementHandle][39m,
      [32m'handle@306ae0452ea7a5a2b20d56b27ea74036'[39m => [36m[ElementHandle][39m,
[...]
      _wasCollected: [33mfalse[39m,
      [[32mSymbol(kCapture)[39m]: [33mfalse[39m
    },
    _closedErrorMessage: [90mundefined[39m,
    _isRemote: [33mfalse[39m,
    _localUtils: LocalUtils {
      _events: [Object: null prototype] {},
      _eventsCount: [33m0[39m,
      _maxListeners: [33m0[39m,
      _connection: [36m[Circular *2][39m,
      _parent: [36m[Root][39m,
      _objects: Map(0) {},
      _type: [32m'LocalUtils'[39m,
      _guid: [32m'localUtils'[39m,
      _channel: [36m[EventEmitter][39m,
      _initializer: [36m[Object][39m,
      _logger: [90mundefined[39m,
      _instrumentation: {},
      _eventToSubscriptionMapping: Map(0) {},
      _wasCollected: [33mfalse[39m,
      devices: [36m[Object][39m,
      [[32mSymbol(kCapture)[39m]: [33mfalse[39m
    },
    toImpl: [36m[Function (anonymous)][39m,
    _tracingCount: [33m0[39m,
    _instrumentation: {},
    [[32mSymbol(kCapture)[39m]: [33mfalse[39m
  },
  _parent: [36m<ref *3>[39m Frame {
    _events: [Object: null prototype] {},
    _eventsCount: [33m0[39m,
    _maxListeners: [33m0[39m,
    _connection: [36m<ref *2>[39m Connection {
      _events: [36m[Object: null prototype][39m,
      _eventsCount: [33m1[39m,
      _maxListeners: [90mundefined[39m,
      _objects: [36m[Map][39m,
      onmessage: [36m[Function (anonymous)][39m,
      _lastId: [33m12[39m,
      _callbacks: [36m[Map][39m,
      _rootObject: [36m[Root][39m,
      _closedErrorMessage: [90mundefined[39m,
      _isRemote: [33mfalse[39m,
      _localUtils: [36m[LocalUtils][39m,
      toImpl: [36m[Function (anonymous)][39m,
      _tracingCount: [33m0[39m,
      _instrumentation: {},
      [[32mSymbol(kCapture)[39m]: [33mfalse[39m
    },
    _parent: Page {
      _events: [36m[Object: null prototype][39m,
      _eventsCount: [33m2[39m,
      _maxListeners: [33m0[39m,
      _connection: [36m[Connection][39m,
      _parent: [36m[BrowserContext][39m,
      _objects: [36m[Map][39m,
      _type: [32m'Page'[39m,
      _guid: [32m'page@66d9604a2be6fe2df008f45015222647'[39m,
      _channel: [36m[EventEmitter][39m,
      _initializer: [36m[Object][39m,
      _logger: [90mundefined[39m,
      _instrumentation: {},
      _eventToSubscriptionMapping: [36m[Map][39m,
      _wasCollected: [33mfalse[39m,
      _browserContext: [36m[BrowserContext][39m,
      _ownedContext: [90mundefined[39m,
      _mainFrame: [36m[Circular *3][39m,
      _frames: [36m[Set][39m,
      _workers: Set(0) {},
      _closed: [33mfalse[39m,
      _closedOrCrashedScope: [36m[LongStandingScope][39m,
      _viewportSize: [36m[Object][39m,
      _routes: [],
      accessibility: [36m[Accessibility][39m,
      coverage: [36m[Coverage][39m,
      keyboard: [36m[Keyboard][39m,
      mouse: [36m[Mouse][39m,
      request: [36m[APIRequestContext][39m,
      touchscreen: [36m[Touchscreen][39m,
      _bindings: Map(0) {},
      _timeoutSettings: [36m[TimeoutSettings][39m,
      _video: [1mnull[22m,
      _opener: [1mnull[22m,
      [[32mSymbol(kCapture)[39m]: [33mfalse[39m
    },
    _objects: Map(18) {
      [32m'handle@3fe6adcc3c92a88ddaf587645d37cb8a'[39m => [36m[ElementHandle][39m,
      [32m'handle@7444a140c5da6866c5a313a086d4be03'[39m => [36m[ElementHandle][39m,
      [32m'handle@6839be9b7780929e721f27879acdc149'[39m => [36m[ElementHandle][39m,
      [32m'handle@b4711c685669dd01115935ec66c85797'[39m => [36m[ElementHandle][39m,
      [32m'handle@58fef49f095a2a53cb7d61b5b0745f89'[39m => [36m[ElementHandle][39m,
      [32m'handle@306ae0452ea7a5a2b20d56b27ea74036'[39m => [36m[ElementHandle][39m,
      [32m'handle@61a89d4880cedc2f0a8cf6b2e954805a'[39m => [36m[ElementHandle][39m,
      [32m'handle@8cb2d3619e90d33f2cd49452aaa0211c'[39m => [36m[ElementHandle][39m,
      [32m'handle@8b1a78a956bb3bbf9c823d99436bf840'[39m => [36m[ElementHandle][39m,
      [32m'handle@1d50cc1709d2a97f39fba568431cc141'[39m => [36m[ElementHandle][39m,
      [32m'handle@1e625fda3183e544354db758eaa224cf'[39m => [36m[ElementHandle][39m,
      [32m'handle@44e69438539bdb5709d215d15569a059'[39m => [36m[ElementHandle][39m,
      [32m'handle@017d12abf5042d7b4003c4c9152fdd7f'[39m => [36m[ElementHandle][39m,
      [32m'handle@2edb1f3bd01efb827772b54fc70f0200'[39m => [36m[ElementHandle][39m,
      [32m'handle@20d0878653bc5476a2ad1db69131c661'[39m => [36m[ElementHandle][39m,
      [32m'handle@52142417fbbd0b2c90fb851c6de83ecd'[39m => [36m[ElementHandle][39m,
      [32m'handle@4c1e187c33699d8035f62950546ce22e'[39m => [36m[Circular *1][39m,
      [32m'handle@83b6684287b118706db1b56e871fa82f'[39m => [36m[ElementHandle][39m
    },
    _type: [32m'Frame'[39m,
    _guid: [32m'frame@1ac336148b7174cd475f969140c9a821'[39m,
    _channel: EventEmitter {
      _events: [36m[Object: null prototype][39m,
      _eventsCount: [33m2[39m,
      _maxListeners: [90mundefined[39m,
      _object: [36m[Circular *3][39m,
      [[32mSymbol(kCapture)[39m]: [33mfalse[39m
    },
    _initializer: { url: [32m'about:blank'[39m, name: [32m''[39m, loadStates: [36m[Array][39m },
    _logger: [90mundefined[39m,
    _instrumentation: {},
    _eventToSubscriptionMapping: Map(0) {},
    _wasCollected: [33mfalse[39m,
    _eventEmitter: EventEmitter {
      _events: [Object: null prototype] {},
      _eventsCount: [33m0[39m,
      _maxListeners: [33m0[39m,
      [[32mSymbol(kCapture)[39m]: [33mfalse[39m
    },
    _loadStates: Set(3) { [32m'commit'[39m, [32m'domcontentloaded'[39m, [32m'load'[39m },
    _parentFrame: [1mnull[22m,
    _url: [32m'https://staging.metutors.com/'[39m,
    _name: [32m''[39m,
    _detached: [33mfalse[39m,
    _childFrames: Set(1) { [36m[Frame][39m },
    _page: Page {
      _events: [36m[Object: null prototype][39m,
      _eventsCount: [33m2[39m,
      _maxListeners: [33m0[39m,
      _connection: [36m[Connection][39m,
      _parent: [36m[BrowserContext][39m,
      _objects: [36m[Map][39m,
      _type: [32m'Page'[39m,
      _guid: [32m'page@66d9604a2be6fe2df008f45015222647'[39m,
      _channel: [36m[EventEmitter][39m,
      _initializer: [36m[Object][39m,
      _logger: [90mundefined[39m,
      _instrumentation: {},
      _eventToSubscriptionMapping: [36m[Map][39m,
      _wasCollected: [33mfalse[39m,
      _browserContext: [36m[BrowserContext][39m,
      _ownedContext: [90mundefined[39m,
      _mainFrame: [36m[Circular *3][39m,
      _frames: [36m[Set][39m,
      _workers: Set(0) {},
      _closed: [33mfalse[39m,
      _closedOrCrashedScope: [36m[LongStandingScope][39m,
      _viewportSize: [36m[Object][39m,
      _routes: [],
      accessibility: [36m[Accessibility][39m,
      coverage: [36m[Coverage][39m,
      keyboard: [36m[Keyboard][39m,
      mouse: [36m[Mouse][39m,
      request: [36m[APIRequestContext][39m,
      touchscreen: [36m[Touchscreen][39m,
      _bindings: Map(0) {},
      _timeoutSettings: [36m[TimeoutSettings][39m,
      _video: [1mnull[22m,
      _opener: [1mnull[22m,
      [[32mSymbol(kCapture)[39m]: [33mfalse[39m
    },
    [[32mSymbol(kCapture)[39m]: [33mfalse[39m
  },
  _objects: Map(0) {},
  _type: [32m'ElementHandle'[39m,
  _guid: [32m'handle@4c1e187c33699d8035f62950546ce22e'[39m,
  _channel: EventEmitter {
    _events: [Object: null prototype] { previewUpdated: [36m[Function (anonymous)][39m },
    _eventsCount: [33m1[39m,
    _maxListeners: [90mundefined[39m,
    _object: [36m[Circular *1][39m,
    [[32mSymbol(kCapture)[39m]: [33mfalse[39m
  },
  _initializer: { preview: [32m'JSHandle@node'[39m },
  _logger: [90mundefined[39m,
  _instrumentation: {},
  _eventToSubscriptionMapping: Map(0) {},
  _wasCollected: [33mfalse[39m,
  _preview: [32m'JSHandle@node'[39m,
  _elementChannel: EventEmitter {
    _events: [Object: null prototype] { previewUpdated: [36m[Function (anonymous)][39m },
    _eventsCount: [33m1[39m,
    _maxListeners: [90mundefined[39m,
    _object: [36m[Circular *1][39m,
    [[32mSymbol(kCapture)[39m]: [33mfalse[39m
  },
  [[32mSymbol(kCapture)[39m]: [33mfalse[39m
}
[90mundefined[39m
[36m<ref *1>[39m ElementHandle {
  _events: [Object: null prototype] {},
  _eventsCount: [33m0[39m,
  _maxListeners: [33m0[39m,
  _connection: [36m<ref *2>[39m Connection {
    _events: [Object: null prototype] { close: [36m[Function (anonymous)][39m },
    _eventsCount: [33m1[39m,
    _maxListeners: [90mundefined[39m,
    _objects: Map(39) {
      [32m''[39m => [36m[Root][39m,
      [32m'android@9da06c6758e40d5f5426a51498e9c42d'[39m => [36m[Android][39m,
      [32m'browser-type@ca7ab85ec9f0a062eadf94ef01b74395'[39m => [36m[BrowserType][39m,
      [32m'browser-type@73bf06cc31952d8ac16e384cda00ea76'[39m => [36m[BrowserType][39m,
      [32m'browser-type@70b9d0932ac61e70a95cd45d1120ab10'[39m => [36m[BrowserType][39m,
      [32m'electron@c199880e7a5e7435614a50a311b8cf3c'[39m => [36m[Electron][39m,
      [32m'localUtils'[39m => [36m[LocalUtils][39m,
      [32m'selectors@6d2b93526aee5de146c06b114873be00'[39m => [36m[SelectorsOwner][39m,
      [32m'Playwright'[39m => [36m[Playwright][39m,
      [32m'browser@6f1be8e834759f6bf968c6adfc9b754e'[39m => [36m[Browser][39m,
      [32m'tracing@2bb07213954d39a493a4a955ebd80475'[39m => [36m[Tracing][39m,
      [32m'request-context@9b4247a0a523763f8c1ff53692b97e20'[39m => [36m[APIRequestContext][39m,
      [32m'browser-context@f17601fc008a05b2afc1e72a8ddffb07'[39m => [36m[BrowserContext][39m,
      [32m'frame@1ac336148b7174cd475f969140c9a821'[39m => [36m[Frame][39m,
      [32m'page@66d9604a2be6fe2df008f45015222647'[39m => [36m[Page][39m,
      [32m'request@f8ef1670860d79d450cfb48db78d8438'[39m => [36m[Request][39m,
      [32m'response@381f3d7db00c14cfb4e8c4d74fce932f'[39m => [36m[Response][39m,
      [32m'ws@97d2187e05bba5676a4e5390285afe31'[39m => [36m[WebSocket][39m,
      [32m'frame@15b30c83e121b546be7895054a0af3b5'[39m => [36m[Frame][39m,
      [32m'request@a8b50e267a36ae17484a059774199111'[39m => [36m[Request][39m,
      [32m'response@baf80e5f6237c61623050e0088e108d4'[39m => [36m[Response][39m,
      [32m'handle@3fe6adcc3c92a88ddaf587645d37cb8a'[39m => [36m[ElementHandle][39m,
      [32m'handle@7444a140c5da6866c5a313a086d4be03'[39m => [36m[ElementHandle][39m,
      [32m'handle@6839be9b7780929e721f27879acdc149'[39m => [36m[ElementHandle][39m,
      [32m'handle@b4711c685669dd01115935ec66c85797'[39m => [36m[ElementHandle][39m,
      [32m'handle@58fef49f095a2a53cb7d61b5b0745f89'[39m => [36m[ElementHandle][39m,
      [32m'handle@306ae0452ea7a5a2b20d56b27ea74036'[39m => [36m[ElementHandle][39m,
      [32m'handle@61a89d4880cedc2f0a8cf6b2e954805a'[39m => [36m[ElementHandle][39m,
      [32m'handle@8cb2d3619e90d33f2cd49452aaa0211c'[39m => [36m[ElementHandle][39m,
      [32m'handle@8b1a78a956bb3bbf9c823d99436bf840'[39m => [36m[ElementHandle][39m,
      [32m'handle@1d50cc1709d2a97f39fba568431cc141'[39m => [36m[ElementHandle][39m,
      [32m'handle@1e625fda3183e544354db758eaa224cf'[39m => [36m[ElementHandle][39m,
      [32m'handle@44e69438539bdb5709d215d15569a059'[39m => [36m[ElementHandle][39m,
      [32m'handle@017d12abf5042d7b4003c4c9152fdd7f'[39m => [36m[ElementHandle][39m,
      [32m'handle@2edb1f3bd01efb827772b54fc70f0200'[39m => [36m[ElementHandle][39m,
      [32m'handle@20d0878653bc5476a2ad1db69131c661'[39m => [36m[ElementHandle][39m,
      [32m'handle@52142417fbbd0b2c90fb851c6de83ecd'[39m => [36m[ElementHandle][39m,
      [32m'handle@4c1e187c33699d8035f62950546ce22e'[39m => [36m[ElementHandle][39m,
      [32m'handle@83b6684287b118706db1b56e871fa82f'[39m => [36m[Circular *1][39m
    },
    onmessage: [36m[Function (anonymous)][39m,
    _lastId: [33m12[39m,
    _callbacks: Map(1) { [33m12[39m => [36m[Object][39m },
    _rootObject: Root {
      _events: [Object: null prototype] {},
      _eventsCount: [33m0[39m,
      _maxListeners: [33m0[39m,
      _connection: [36m[Circular *2][39m,
      _parent: [90mundefined[39m,
      _objects: [36m[Map][39m,
      _type: [32m'Root'[39m,
      _guid: [32m''[39m,
      _channel: [36m[EventEmitter][39m,
      _initializer: {},
      _logger: [90mundefined[39m,
      _instrumentation: [90mundefined[39m,
      _eventToSubscriptionMapping: Map(0) {},
      _wasCollected: [33mfalse[39m,
      [[32mSymbol(kCapture)[39m]: [33mfalse[39m
    },
    _closedErrorMessage: [90mundefined[39m,
    _isRemote: [33mfalse[39m,
    _localUtils: LocalUtils {
      _events: [Object: null prototype] {},
      _eventsCount: [33m0[39m,
      _maxListeners: [33m0[39m,
      _connection: [36m[Circular *2][39m,
      _parent: [36m[Root][39m,
      _objects: Map(0) {},
      _type: [32m'LocalUtils'[39m,
      _guid: [32m'localUtils'[39m,
      _channel: [36m[EventEmitter][39m,
      _initializer: [36m[Object][39m,
      _logger: [90mundefined[39m,
      _instrumentation: {},
      _eventToSubscriptionMapping: Map(0) {},
      _wasCollected: [33mfalse[39m,
      devices: [36m[Object][39m,
      [[32mSymbol(kCapture)[39m]: [33mfalse[39m
    },
    toImpl: [36m[Function (anonymous)][39m,
    _tracingCount: [33m0[39m,
    _instrumentation: {},
    [[32mSymbol(kCapture)[39m]: [33mfalse[39m
  },
  _parent: [36m<ref *3>[39m Frame {
    _events: [Object: null prototype] {},
    _eventsCount: [33m0[39m,
    _maxListeners: [33m0[39m,
    _connection: [36m<ref *2>[39m Connection {
      _events: [36m[Object: null prototype][39m,
      _eventsCount: [33m1[39m,
      _maxListeners: [90mundefined[39m,
      _objects: [36m[Map][39m,
      onmessage: [36m[Function (anonymous)][39m,
      _lastId: [33m12[39m,
      _callbacks: [36m[Map][39m,
      _rootObject: [36m[Root][39m,
      _closedErrorMessage: [90mundefined[39m,
      _isRemote: [33mfalse[39m,
      _localUtils: [36m[LocalUtils][39m,
      toImpl: [36m[Function (anonymous)][39m,
      _tracingCount: [33m0[39m,
      _instrumentation: {},
      [[32mSymbol(kCapture)[39m]: [33mfalse[39m
    },
    _parent: Page {
      _events: [36m[Object: null prototype][39m,
      _eventsCount: [33m2[39m,
      _maxListeners: [33m0[39m,
      _connection: [36m[Connection][39m,
      _parent: [36m[BrowserContext][39m,
      _objects: [36m[Map][39m,
      _type: [32m'Page'[39m,
      _guid: [32m'page@66d9604a2be6fe2df008f45015222647'[39m,
      _channel: [36m[EventEmitter][39m,
      _initializer: [36m[Object][39m,
      _logger: [90mundefined[39m,
      _instrumentation: {},
      _eventToSubscriptionMapping: [36m[Map][39m,
      _wasCollected: [33mfalse[39m,
      _browserContext: [36m[BrowserContext][39m,
      _ownedContext: [90mundefined[39m,
      _mainFrame: [36m[Circular *3][39m,
      _frames: [36m[Set][39m,
      _workers: Set(0) {},
      _closed: [33mfalse[39m,
      _closedOrCrashedScope: [36m[LongStandingScope][39m,
      _viewportSize: [36m[Object][39m,
      _routes: [],
      accessibility: [36m[Accessibility][39m,
      coverage: [36m[Coverage][39m,
      keyboard: [36m[Keyboard][39m,
      mouse: [36m[Mouse][39m,
      request: [36m[APIRequestContext][39m,
      touchscreen: [36m[Touchscreen][39m,
      _bindings: Map(0) {},
      _timeoutSettings: [36m[TimeoutSettings][39m,
      _video: [1mnull[22m,
      _opener: [1mnull[22m,
      [[32mSymbol(kCapture)[39m]: [33mfalse[39m
    },
    _objects: Map(18) {
      [32m'handle@3fe6adcc3c92a88ddaf587645d37cb8a'[39m => [36m[ElementHandle][39m,
      [32m'handle@7444a140c5da6866c5a313a086d4be03'[39m => [36m[ElementHandle][39m,
      [32m'handle@6839be9b7780929e721f27879acdc149'[39m => [36m[ElementHandle][39m,
      [32m'handle@b4711c685669dd01115935ec66c85797'[39m => [36m[ElementHandle][39m,
      [32m'handle@58fef49f095a2a53cb7d61b5b0745f89'[39m => [36m[ElementHandle][39m,
      [32m'handle@306ae0452ea7a5a2b20d56b27ea74036'[39m => [36m[ElementHandle][39m,
      [32m'handle@61a89d4880cedc2f0a8cf6b2e954805a'[39m => [36m[ElementHandle][39m,
      [32m'handle@8cb2d3619e90d33f2cd49452aaa0211c'[39m => [36m[ElementHandle][39m,
      [32m'handle@8b1a78a956bb3bbf9c823d99436bf840'[39m => [36m[ElementHandle][39m,
      [32m'handle@1d50cc1709d2a97f39fba568431cc141'[39m => [36m[ElementHandle][39m,
      [32m'handle@1e625fda3183e544354db758eaa224cf'[39m => [36m[ElementHandle][39m,
      [32m'handle@44e69438539bdb5709d215d15569a059'[39m => [36m[ElementHandle][39m,
      [32m'handle@017d12abf5042d7b4003c4c9152fdd7f'[39m => [36m[ElementHandle][39m,
      [32m'handle@2edb1f3bd01efb827772b54fc70f0200'[39m => [36m[ElementHandle][39m,
      [32m'handle@20d0878653bc5476a2ad1db69131c661'[39m => [36m[ElementHandle][39m,
      [32m'handle@52142417fbbd0b2c90fb851c6de83ecd'[39m => [36m[ElementHandle][39m,
      [32m'handle@4c1e187c33699d8035f62950546ce22e'[39m => [36m[ElementHandle][39m,
      [32m'handle@83b6684287b118706db1b56e871fa82f'[39m => [36m[Circular *1][39m
    },
    _type: [32m'Frame'[39m,
    _guid: [32m'frame@1ac336148b7174cd475f969140c9a821'[39m,
    _channel: EventEmitter {
      _events: [36m[Object: null prototype][39m,
      _eventsCount: [33m2[39m,
      _maxListeners: [90mundefined[39m,
      _object: [36m[Circular *3][39m,
      [[32mSymbol(kCapture)[39m]: [33mfalse[39m
    },
    _initializer: { url: [32m'about:blank'[39m, name: [32m''[39m, loadStates: [36m[Array][39m },
    _logger: [90mundefined[39m,
    _instrumentation: {},
    _eventToSubscriptionMapping: Map(0) {},
    _wasCollected: [33mfalse[39m,
    _eventEmitter: EventEmitter {
      _events: [Object: null prototype] {},
      _eventsCount: [33m0[39m,
      _maxListeners: [33m0[39m,
      [[32mSymbol(kCapture)[39m]: [33mfalse[39m
    },
    _loadStates: Set(3) { [32m'commit'[39m, [32m'domcontentloaded'[39m, [32m'load'[39m },
    _parentFrame: [1mnull[22m,
    _url: [32m'https://staging.metutors.com/'[39m,
    _name: [32m''[39m,
    _detached: [33mfalse[39m,
    _childFrames: Set(1) { [36m[Frame][39m },
    _page: Page {
      _events: [36m[Object: null prototype][39m,
      _eventsCount: [33m2[39m,
      _maxListeners: [33m0[39m,
      _connection: [36m[Connection][39m,
      _parent: [36m[BrowserContext][39m,
      _objects: [36m[Map][39m,
      _type: [32m'Page'[39m,
      _guid: [32m'page@66d9604a2be6fe2df008f45015222647'[39m,
      _channel: [36m[EventEmitter][39m,
      _initializer: [36m[Object][39m,
      _logger: [90mundefined[39m,
      _instrumentation: {},
      _eventToSubscriptionMapping: [36m[Map][39m,
      _wasCollected: [33mfalse[39m,
      _browserContext: [36m[BrowserContext][39m,
      _ownedContext: [90mundefined[39m,
      _mainFrame: [36m[Circular *3][39m,
      _frames: [36m[Set][39m,
      _workers: Set(0) {},
      _closed: [33mfalse[39m,
      _closedOrCrashedScope: [36m[LongStandingScope][39m,
      _viewportSize: [36m[Object][39m,
      _routes: [],
      accessibility: [36m[Accessibility][39m,
      coverage: [36m[Coverage][39m,
      keyboard: [36m[Keyboard][39m,
      mouse: [36m[Mouse][39m,
      request: [36m[APIRequestContext][39m,
      touchscreen: [36m[Touchscreen][39m,
      _bindings: Map(0) {},
      _timeoutSettings: [36m[TimeoutSettings][39m,
      _video: [1mnull[22m,
      _opener: [1mnull[22m,
      [[32mSymbol(kCapture)[39m]: [33mfalse[39m
    },
    [[32mSymbol(kCapture)[39m]: [33mfalse[39m
  },
  _objects: Map(0) {},
  _type: [32m'ElementHandle'[39m,
  _guid: [32m'handle@83b6684287b118706db1b56e871fa82f'[39m,
  _channel: EventEmitter {
    _events: [Object: null prototype] { previewUpdated: [36m[Function (anonymous)][39m },
    _eventsCount: [33m1[39m,
    _maxListeners: [90mundefined[39m,
    _object: [36m[Circular *1][39m,
    [[32mSymbol(kCapture)[39m]: [33mfalse[39m
  },
  _initializer: { preview: [32m'JSHandle@node'[39m },
  _logger: [90mundefined[39m,
  _instrumentation: {},
  _eventToSubscriptionMapping: Map(0) {},
  _wasCollected: [33mfalse[39m,
  _preview: [32m'JSHandle@node'[39m,
  _elementChannel: EventEmitter {
    _events: [Object: null prototype] { previewUpdated: [36m[Function (anonymous)][39m },
    _eventsCount: [33m1[39m,
    _maxListeners: [90mundefined[39m,
    _object: [36m[Circular *1][39m,
    [[32mSymbol(kCapture)[39m]: [33mfalse[39m
  },
  [[32mSymbol(kCapture)[39m]: [33mfalse[39m
}
[90mundefined[39m
[90mundefined[39m
[90mundefined[39m
]]>
</system-out>
</testcase>
</testsuite>
</testsuites>